[23:42:04] [info] I-ENGINE: loaderAddJsonEntry: Located json file "C:\Windows\System32\DriverStore\FileRepository\nv_dispi.inf_amd64_a51067c0ac557884\nv-vk64.json" from PnP registry: E
[23:42:04] [info] I-ENGINE: Located json file "C:\ProgramData\obs-studio-hook\obs-vulkan64.json" from registry "HKEY_LOCAL_MACHINE\SOFTWARE\Khronos\Vulkan\ImplicitLayers"
[23:42:04] [info] I-ENGINE: Located json file "C:\Program Files (x86)\Steam\SteamOverlayVulkanLayer64.json" from registry "HKEY_LOCAL_MACHINE\SOFTWARE\Khronos\Vulkan\ImplicitLayers"
[23:42:04] [info] I-ENGINE: Located json file "C:\Program Files (x86)\Steam\SteamFossilizeVulkanLayer64.json" from registry "HKEY_LOCAL_MACHINE\SOFTWARE\Khronos\Vulkan\ImplicitLayers"
[23:42:04] [info] I-ENGINE: Located json file "D:\Epic Games\Launcher\Portal\Extras\Overlay\EOSOverlayVkLayer-Win32.json" from registry "HKEY_CURRENT_USER\SOFTWARE\Khronos\Vulkan\ImplicitLayers"
[23:42:04] [info] I-ENGINE: Located json file "D:\Epic Games\Launcher\Portal\Extras\Overlay\EOSOverlayVkLayer-Win64.json" from registry "HKEY_CURRENT_USER\SOFTWARE\Khronos\Vulkan\ImplicitLayers"
[23:42:04] [info] I-ENGINE: Found manifest file C:\Windows\System32\DriverStore\FileRepository\nv_dispi.inf_amd64_a51067c0ac557884\nv-vk64.json, version "1.0.0"
[23:42:04] [info] I-ENGINE: Found manifest file C:\ProgramData\obs-studio-hook\obs-vulkan64.json, version "1.1.2"
[23:42:04] [info] I-ENGINE: Found manifest file C:\Program Files (x86)\Steam\SteamOverlayVulkanLayer64.json, version "1.0.0"
[23:42:04] [info] I-ENGINE: Found manifest file C:\Program Files (x86)\Steam\SteamFossilizeVulkanLayer64.json, version "1.0.0"
[23:42:04] [info] I-ENGINE: Found manifest file D:\Epic Games\Launcher\Portal\Extras\Overlay\EOSOverlayVkLayer-Win32.json, version "1.1.2"
[23:42:04] [info] I-ENGINE: Layer "VK_LAYER_EOS_Overlay" using deprecated 'vkGetInstanceProcAddr' tag which was deprecated starting with JSON file version 1.1.0. The new vkNegotiateLoaderLayerInterfaceVersion function is preferred, though for compatibility reasons it may be desirable to continue using the deprecated tag.
[23:42:04] [info] I-ENGINE: Layer "VK_LAYER_EOS_Overlay" using deprecated 'vkGetDeviceProcAddr' tag which was deprecated starting with JSON file version 1.1.0. The new vkNegotiateLoaderLayerInterfaceVersion function is preferred, though for compatibility reasons it may be desirable to continue using the deprecated tag.
[23:42:04] [info] I-ENGINE: Found manifest file D:\Epic Games\Launcher\Portal\Extras\Overlay\EOSOverlayVkLayer-Win64.json, version "1.1.2"
[23:42:04] [info] I-ENGINE: Layer "VK_LAYER_EOS_Overlay" using deprecated 'vkGetInstanceProcAddr' tag which was deprecated starting with JSON file version 1.1.0. The new vkNegotiateLoaderLayerInterfaceVersion function is preferred, though for compatibility reasons it may be desirable to continue using the deprecated tag.
[23:42:04] [info] I-ENGINE: Layer "VK_LAYER_EOS_Overlay" using deprecated 'vkGetDeviceProcAddr' tag which was deprecated starting with JSON file version 1.1.0. The new vkNegotiateLoaderLayerInterfaceVersion function is preferred, though for compatibility reasons it may be desirable to continue using the deprecated tag.
[23:42:04] [info] I-ENGINE: loaderGetDeviceRegistryFiles: opening device PCI\VEN_10DE&DEV_1B80&SUBSYS_37171458&REV_A1\4&b0d7636&0&0018
[23:42:04] [info] I-ENGINE: loaderGetDeviceRegistryEntry: Device ID(1) Does not contain a value for "VulkanExplicitLayers"
[23:42:04] [info] I-ENGINE: loaderGetDeviceRegistryFiles: Opening child device 2 - DISPLAY\DELA0D1\5&1AF6B63E&0&UID12550
[23:42:04] [trace] I-ENGINE: loaderGetDeviceRegistryFiles: GUID for 2 is not SoftwareComponent skipping
[23:42:04] [info] I-ENGINE: loaderGetDeviceRegistryFiles: Opening child device 3 - DISPLAY\DELF10D\5&1AF6B63E&0&UID12545
[23:42:04] [trace] I-ENGINE: loaderGetDeviceRegistryFiles: GUID for 3 is not SoftwareComponent skipping
[23:42:04] [info] I-ENGINE: loaderGetDeviceRegistryFiles: Opening child device 4 - DISPLAY\ACI27B3\5&1AF6B63E&0&UID12548
[23:42:04] [trace] I-ENGINE: loaderGetDeviceRegistryFiles: GUID for 4 is not SoftwareComponent skipping
[23:42:04] [info] I-ENGINE: Located json file "C:\VulkanSDK\1.2.162.0\Bin\VkLayer_api_dump.json" from registry "HKEY_LOCAL_MACHINE\SOFTWARE\Khronos\Vulkan\ExplicitLayers"
[23:42:04] [info] I-ENGINE: Located json file "C:\VulkanSDK\1.2.162.0\Bin\VkLayer_device_simulation.json" from registry "HKEY_LOCAL_MACHINE\SOFTWARE\Khronos\Vulkan\ExplicitLayers"
[23:42:04] [info] I-ENGINE: Located json file "C:\VulkanSDK\1.2.162.0\Bin\VkLayer_gfxreconstruct.json" from registry "HKEY_LOCAL_MACHINE\SOFTWARE\Khronos\Vulkan\ExplicitLayers"
[23:42:04] [info] I-ENGINE: Located json file "C:\VulkanSDK\1.2.162.0\Bin\VkLayer_khronos_validation.json" from registry "HKEY_LOCAL_MACHINE\SOFTWARE\Khronos\Vulkan\ExplicitLayers"
[23:42:04] [info] I-ENGINE: Located json file "C:\VulkanSDK\1.2.162.0\Bin\VkLayer_monitor.json" from registry "HKEY_LOCAL_MACHINE\SOFTWARE\Khronos\Vulkan\ExplicitLayers"
[23:42:04] [info] I-ENGINE: Located json file "C:\VulkanSDK\1.2.162.0\Bin\VkLayer_screenshot.json" from registry "HKEY_LOCAL_MACHINE\SOFTWARE\Khronos\Vulkan\ExplicitLayers"
[23:42:04] [info] I-ENGINE: Found manifest file C:\VulkanSDK\1.2.162.0\Bin\VkLayer_api_dump.json, version "1.0.0"
[23:42:04] [info] I-ENGINE: Found manifest file C:\VulkanSDK\1.2.162.0\Bin\VkLayer_device_simulation.json, version "1.1.0"
[23:42:04] [info] I-ENGINE: Found manifest file C:\VulkanSDK\1.2.162.0\Bin\VkLayer_gfxreconstruct.json, version "1.1.0"
[23:42:04] [info] I-ENGINE: Found manifest file C:\VulkanSDK\1.2.162.0\Bin\VkLayer_khronos_validation.json, version "1.1.0"
[23:42:04] [info] I-ENGINE: Found manifest file C:\VulkanSDK\1.2.162.0\Bin\VkLayer_monitor.json, version "1.0.0"
[23:42:04] [info] I-ENGINE: Found manifest file C:\VulkanSDK\1.2.162.0\Bin\VkLayer_screenshot.json, version "1.0.0"
[23:42:04] [info] I-ENGINE: loaderAddJsonEntry: Located json file "C:\Windows\System32\DriverStore\FileRepository\nv_dispi.inf_amd64_a51067c0ac557884\nv-vk64.json" from PnP registry: E
[23:42:04] [info] I-ENGINE: Found ICD manifest file C:\Windows\System32\DriverStore\FileRepository\nv_dispi.inf_amd64_a51067c0ac557884\nv-vk64.json, version "1.0.0"
[23:42:04] [trace] I-ENGINE: Searching for ICD drivers named .\nvoglv64.dll
[23:42:04] [trace] I-ENGINE: Build ICD instance extension list
[23:42:04] [trace] I-ENGINE: Instance Extension: VK_KHR_device_group_creation (C:\Windows\System32\DriverStore\FileRepository\nv_dispi.inf_amd64_a51067c0ac557884\.\nvoglv64.dll) version 0.0.1
[23:42:04] [trace] I-ENGINE: Instance Extension: VK_KHR_display (C:\Windows\System32\DriverStore\FileRepository\nv_dispi.inf_amd64_a51067c0ac557884\.\nvoglv64.dll) version 0.0.23
[23:42:04] [trace] I-ENGINE: Instance Extension: VK_KHR_external_fence_capabilities (C:\Windows\System32\DriverStore\FileRepository\nv_dispi.inf_amd64_a51067c0ac557884\.\nvoglv64.dll) version 0.0.1
[23:42:04] [trace] I-ENGINE: Instance Extension: VK_KHR_external_memory_capabilities (C:\Windows\System32\DriverStore\FileRepository\nv_dispi.inf_amd64_a51067c0ac557884\.\nvoglv64.dll) version 0.0.1
[23:42:04] [trace] I-ENGINE: Instance Extension: VK_KHR_external_semaphore_capabilities (C:\Windows\System32\DriverStore\FileRepository\nv_dispi.inf_amd64_a51067c0ac557884\.\nvoglv64.dll) version 0.0.1
[23:42:04] [trace] I-ENGINE: Instance Extension: VK_KHR_get_display_properties2 (C:\Windows\System32\DriverStore\FileRepository\nv_dispi.inf_amd64_a51067c0ac557884\.\nvoglv64.dll) version 0.0.1
[23:42:04] [trace] I-ENGINE: Instance Extension: VK_KHR_get_physical_device_properties2 (C:\Windows\System32\DriverStore\FileRepository\nv_dispi.inf_amd64_a51067c0ac557884\.\nvoglv64.dll) version 0.0.2
[23:42:04] [trace] I-ENGINE: Instance Extension: VK_KHR_get_surface_capabilities2 (C:\Windows\System32\DriverStore\FileRepository\nv_dispi.inf_amd64_a51067c0ac557884\.\nvoglv64.dll) version 0.0.1
[23:42:04] [trace] I-ENGINE: Instance Extension: VK_KHR_surface (C:\Windows\System32\DriverStore\FileRepository\nv_dispi.inf_amd64_a51067c0ac557884\.\nvoglv64.dll) version 0.0.25
[23:42:04] [trace] I-ENGINE: Instance Extension: VK_KHR_surface_protected_capabilities (C:\Windows\System32\DriverStore\FileRepository\nv_dispi.inf_amd64_a51067c0ac557884\.\nvoglv64.dll) version 0.0.1
[23:42:04] [trace] I-ENGINE: Instance Extension: VK_KHR_win32_surface (C:\Windows\System32\DriverStore\FileRepository\nv_dispi.inf_amd64_a51067c0ac557884\.\nvoglv64.dll) version 0.0.6
[23:42:04] [trace] I-ENGINE: Instance Extension: VK_EXT_debug_report (C:\Windows\System32\DriverStore\FileRepository\nv_dispi.inf_amd64_a51067c0ac557884\.\nvoglv64.dll) version 0.0.9
[23:42:04] [trace] I-ENGINE: Instance Extension: VK_EXT_debug_utils (C:\Windows\System32\DriverStore\FileRepository\nv_dispi.inf_amd64_a51067c0ac557884\.\nvoglv64.dll) version 0.0.2
[23:42:04] [trace] I-ENGINE: Instance Extension: VK_EXT_swapchain_colorspace (C:\Windows\System32\DriverStore\FileRepository\nv_dispi.inf_amd64_a51067c0ac557884\.\nvoglv64.dll) version 0.0.4
[23:42:04] [trace] I-ENGINE: Instance Extension: VK_NV_external_memory_capabilities (C:\Windows\System32\DriverStore\FileRepository\nv_dispi.inf_amd64_a51067c0ac557884\.\nvoglv64.dll) version 0.0.1
[23:42:04] [trace] I-ENGINE: Loading layer library C:\VulkanSDK\1.2.162.0\Bin\.\VkLayer_khronos_validation.dll
[23:42:04] [info] I-ENGINE: Insert instance layer VK_LAYER_KHRONOS_validation (C:\VulkanSDK\1.2.162.0\Bin\.\VkLayer_khronos_validation.dll)
[23:42:04] [trace] I-ENGINE: Loading layer library C:\ProgramData\obs-studio-hook\.\graphics-hook64.dll
[23:42:04] [info] I-ENGINE: Insert instance layer VK_LAYER_OBS_HOOK (C:\ProgramData\obs-studio-hook\.\graphics-hook64.dll)
[23:42:04] [trace] I-ENGINE: Loading layer library C:\Windows\System32\DriverStore\FileRepository\nv_dispi.inf_amd64_a51067c0ac557884\.\nvoglv64.dll
[23:42:04] [info] I-ENGINE: Insert instance layer VK_LAYER_NV_optimus (C:\Windows\System32\DriverStore\FileRepository\nv_dispi.inf_amd64_a51067c0ac557884\.\nvoglv64.dll)
[23:42:04] [trace] I-ENGINE: Build ICD instance extension list
[23:42:04] [trace] I-ENGINE: Instance Extension: VK_KHR_device_group_creation (C:\Windows\System32\DriverStore\FileRepository\nv_dispi.inf_amd64_a51067c0ac557884\.\nvoglv64.dll) version 0.0.1
[23:42:04] [trace] I-ENGINE: Instance Extension: VK_KHR_display (C:\Windows\System32\DriverStore\FileRepository\nv_dispi.inf_amd64_a51067c0ac557884\.\nvoglv64.dll) version 0.0.23
[23:42:04] [trace] I-ENGINE: Instance Extension: VK_KHR_external_fence_capabilities (C:\Windows\System32\DriverStore\FileRepository\nv_dispi.inf_amd64_a51067c0ac557884\.\nvoglv64.dll) version 0.0.1
[23:42:04] [trace] I-ENGINE: Instance Extension: VK_KHR_external_memory_capabilities (C:\Windows\System32\DriverStore\FileRepository\nv_dispi.inf_amd64_a51067c0ac557884\.\nvoglv64.dll) version 0.0.1
[23:42:04] [trace] I-ENGINE: Instance Extension: VK_KHR_external_semaphore_capabilities (C:\Windows\System32\DriverStore\FileRepository\nv_dispi.inf_amd64_a51067c0ac557884\.\nvoglv64.dll) version 0.0.1
[23:42:04] [trace] I-ENGINE: Instance Extension: VK_KHR_get_display_properties2 (C:\Windows\System32\DriverStore\FileRepository\nv_dispi.inf_amd64_a51067c0ac557884\.\nvoglv64.dll) version 0.0.1
[23:42:04] [trace] I-ENGINE: Instance Extension: VK_KHR_get_physical_device_properties2 (C:\Windows\System32\DriverStore\FileRepository\nv_dispi.inf_amd64_a51067c0ac557884\.\nvoglv64.dll) version 0.0.2
[23:42:04] [trace] I-ENGINE: Instance Extension: VK_KHR_get_surface_capabilities2 (C:\Windows\System32\DriverStore\FileRepository\nv_dispi.inf_amd64_a51067c0ac557884\.\nvoglv64.dll) version 0.0.1
[23:42:04] [trace] I-ENGINE: Instance Extension: VK_KHR_surface (C:\Windows\System32\DriverStore\FileRepository\nv_dispi.inf_amd64_a51067c0ac557884\.\nvoglv64.dll) version 0.0.25
[23:42:04] [trace] I-ENGINE: Instance Extension: VK_KHR_surface_protected_capabilities (C:\Windows\System32\DriverStore\FileRepository\nv_dispi.inf_amd64_a51067c0ac557884\.\nvoglv64.dll) version 0.0.1
[23:42:04] [trace] I-ENGINE: Instance Extension: VK_KHR_win32_surface (C:\Windows\System32\DriverStore\FileRepository\nv_dispi.inf_amd64_a51067c0ac557884\.\nvoglv64.dll) version 0.0.6
[23:42:04] [trace] I-ENGINE: Instance Extension: VK_EXT_debug_report (C:\Windows\System32\DriverStore\FileRepository\nv_dispi.inf_amd64_a51067c0ac557884\.\nvoglv64.dll) version 0.0.9
[23:42:04] [trace] I-ENGINE: Instance Extension: VK_EXT_debug_utils (C:\Windows\System32\DriverStore\FileRepository\nv_dispi.inf_amd64_a51067c0ac557884\.\nvoglv64.dll) version 0.0.2
[23:42:04] [trace] I-ENGINE: Instance Extension: VK_EXT_swapchain_colorspace (C:\Windows\System32\DriverStore\FileRepository\nv_dispi.inf_amd64_a51067c0ac557884\.\nvoglv64.dll) version 0.0.4
[23:42:04] [trace] I-ENGINE: Instance Extension: VK_NV_external_memory_capabilities (C:\Windows\System32\DriverStore\FileRepository\nv_dispi.inf_amd64_a51067c0ac557884\.\nvoglv64.dll) version 0.0.1
[23:42:04] [info] I-ENGINE: Validation Information: [ UNASSIGNED-khronos-validation-createinstance-status-message ] Object 0: handle = 0x40c5ad0, type = VK_OBJECT_TYPE_INSTANCE; | MessageID = 0xd7fa5f44 | Khronos Validation Layer Active:
    Settings File: None. Default location is C:\Repos\Game\vk_layer_settings.txt.
    Current Enables: None.
    Current Disables: None.

[23:42:04] [trace] I-ENGINE: Device Extension: VK_KHR_16bit_storage (C:\Windows\System32\DriverStore\FileRepository\nv_dispi.inf_amd64_a51067c0ac557884\.\nvoglv64.dll) version 0.0.1
[23:42:04] [trace] I-ENGINE: Device Extension: VK_KHR_8bit_storage (C:\Windows\System32\DriverStore\FileRepository\nv_dispi.inf_amd64_a51067c0ac557884\.\nvoglv64.dll) version 0.0.1
[23:42:04] [trace] I-ENGINE: Device Extension: VK_KHR_bind_memory2 (C:\Windows\System32\DriverStore\FileRepository\nv_dispi.inf_amd64_a51067c0ac557884\.\nvoglv64.dll) version 0.0.1
[23:42:04] [trace] I-ENGINE: Device Extension: VK_KHR_buffer_device_address (C:\Windows\System32\DriverStore\FileRepository\nv_dispi.inf_amd64_a51067c0ac557884\.\nvoglv64.dll) version 0.0.1
[23:42:04] [trace] I-ENGINE: Device Extension: VK_KHR_copy_commands2 (C:\Windows\System32\DriverStore\FileRepository\nv_dispi.inf_amd64_a51067c0ac557884\.\nvoglv64.dll) version 0.0.1
[23:42:04] [trace] I-ENGINE: Device Extension: VK_KHR_create_renderpass2 (C:\Windows\System32\DriverStore\FileRepository\nv_dispi.inf_amd64_a51067c0ac557884\.\nvoglv64.dll) version 0.0.1
[23:42:04] [trace] I-ENGINE: Device Extension: VK_KHR_dedicated_allocation (C:\Windows\System32\DriverStore\FileRepository\nv_dispi.inf_amd64_a51067c0ac557884\.\nvoglv64.dll) version 0.0.3
[23:42:04] [trace] I-ENGINE: Device Extension: VK_KHR_deferred_host_operations (C:\Windows\System32\DriverStore\FileRepository\nv_dispi.inf_amd64_a51067c0ac557884\.\nvoglv64.dll) version 0.0.3
[23:42:04] [trace] I-ENGINE: Device Extension: VK_KHR_depth_stencil_resolve (C:\Windows\System32\DriverStore\FileRepository\nv_dispi.inf_amd64_a51067c0ac557884\.\nvoglv64.dll) version 0.0.1
[23:42:04] [trace] I-ENGINE: Device Extension: VK_KHR_descriptor_update_template (C:\Windows\System32\DriverStore\FileRepository\nv_dispi.inf_amd64_a51067c0ac557884\.\nvoglv64.dll) version 0.0.1
[23:42:04] [trace] I-ENGINE: Device Extension: VK_KHR_device_group (C:\Windows\System32\DriverStore\FileRepository\nv_dispi.inf_amd64_a51067c0ac557884\.\nvoglv64.dll) version 0.0.4
[23:42:04] [trace] I-ENGINE: Device Extension: VK_KHR_draw_indirect_count (C:\Windows\System32\DriverStore\FileRepository\nv_dispi.inf_amd64_a51067c0ac557884\.\nvoglv64.dll) version 0.0.1
[23:42:04] [trace] I-ENGINE: Device Extension: VK_KHR_driver_properties (C:\Windows\System32\DriverStore\FileRepository\nv_dispi.inf_amd64_a51067c0ac557884\.\nvoglv64.dll) version 0.0.1
[23:42:04] [trace] I-ENGINE: Device Extension: VK_KHR_external_fence (C:\Windows\System32\DriverStore\FileRepository\nv_dispi.inf_amd64_a51067c0ac557884\.\nvoglv64.dll) version 0.0.1
[23:42:04] [trace] I-ENGINE: Device Extension: VK_KHR_external_fence_win32 (C:\Windows\System32\DriverStore\FileRepository\nv_dispi.inf_amd64_a51067c0ac557884\.\nvoglv64.dll) version 0.0.1
[23:42:04] [trace] I-ENGINE: Device Extension: VK_KHR_external_memory (C:\Windows\System32\DriverStore\FileRepository\nv_dispi.inf_amd64_a51067c0ac557884\.\nvoglv64.dll) version 0.0.1
[23:42:04] [trace] I-ENGINE: Device Extension: VK_KHR_external_memory_win32 (C:\Windows\System32\DriverStore\FileRepository\nv_dispi.inf_amd64_a51067c0ac557884\.\nvoglv64.dll) version 0.0.1
[23:42:04] [trace] I-ENGINE: Device Extension: VK_KHR_external_semaphore (C:\Windows\System32\DriverStore\FileRepository\nv_dispi.inf_amd64_a51067c0ac557884\.\nvoglv64.dll) version 0.0.1
[23:42:04] [trace] I-ENGINE: Device Extension: VK_KHR_external_semaphore_win32 (C:\Windows\System32\DriverStore\FileRepository\nv_dispi.inf_amd64_a51067c0ac557884\.\nvoglv64.dll) version 0.0.1
[23:42:04] [trace] I-ENGINE: Device Extension: VK_KHR_get_memory_requirements2 (C:\Windows\System32\DriverStore\FileRepository\nv_dispi.inf_amd64_a51067c0ac557884\.\nvoglv64.dll) version 0.0.1
[23:42:04] [trace] I-ENGINE: Device Extension: VK_KHR_image_format_list (C:\Windows\System32\DriverStore\FileRepository\nv_dispi.inf_amd64_a51067c0ac557884\.\nvoglv64.dll) version 0.0.1
[23:42:04] [trace] I-ENGINE: Device Extension: VK_KHR_imageless_framebuffer (C:\Windows\System32\DriverStore\FileRepository\nv_dispi.inf_amd64_a51067c0ac557884\.\nvoglv64.dll) version 0.0.1
[23:42:04] [trace] I-ENGINE: Device Extension: VK_KHR_maintenance1 (C:\Windows\System32\DriverStore\FileRepository\nv_dispi.inf_amd64_a51067c0ac557884\.\nvoglv64.dll) version 0.0.2
[23:42:04] [trace] I-ENGINE: Device Extension: VK_KHR_maintenance2 (C:\Windows\System32\DriverStore\FileRepository\nv_dispi.inf_amd64_a51067c0ac557884\.\nvoglv64.dll) version 0.0.1
[23:42:04] [trace] I-ENGINE: Device Extension: VK_KHR_maintenance3 (C:\Windows\System32\DriverStore\FileRepository\nv_dispi.inf_amd64_a51067c0ac557884\.\nvoglv64.dll) version 0.0.1
[23:42:04] [trace] I-ENGINE: Device Extension: VK_KHR_multiview (C:\Windows\System32\DriverStore\FileRepository\nv_dispi.inf_amd64_a51067c0ac557884\.\nvoglv64.dll) version 0.0.1
[23:42:04] [trace] I-ENGINE: Device Extension: VK_KHR_pipeline_executable_properties (C:\Windows\System32\DriverStore\FileRepository\nv_dispi.inf_amd64_a51067c0ac557884\.\nvoglv64.dll) version 0.0.1
[23:42:04] [trace] I-ENGINE: Device Extension: VK_KHR_pipeline_library (C:\Windows\System32\DriverStore\FileRepository\nv_dispi.inf_amd64_a51067c0ac557884\.\nvoglv64.dll) version 0.0.1
[23:42:04] [trace] I-ENGINE: Device Extension: VK_KHR_push_descriptor (C:\Windows\System32\DriverStore\FileRepository\nv_dispi.inf_amd64_a51067c0ac557884\.\nvoglv64.dll) version 0.0.2
[23:42:04] [trace] I-ENGINE: Device Extension: VK_KHR_relaxed_block_layout (C:\Windows\System32\DriverStore\FileRepository\nv_dispi.inf_amd64_a51067c0ac557884\.\nvoglv64.dll) version 0.0.1
[23:42:04] [trace] I-ENGINE: Device Extension: VK_KHR_sampler_mirror_clamp_to_edge (C:\Windows\System32\DriverStore\FileRepository\nv_dispi.inf_amd64_a51067c0ac557884\.\nvoglv64.dll) version 0.0.3
[23:42:04] [trace] I-ENGINE: Device Extension: VK_KHR_sampler_ycbcr_conversion (C:\Windows\System32\DriverStore\FileRepository\nv_dispi.inf_amd64_a51067c0ac557884\.\nvoglv64.dll) version 0.0.14
[23:42:04] [trace] I-ENGINE: Device Extension: VK_KHR_separate_depth_stencil_layouts (C:\Windows\System32\DriverStore\FileRepository\nv_dispi.inf_amd64_a51067c0ac557884\.\nvoglv64.dll) version 0.0.1
[23:42:04] [trace] I-ENGINE: Device Extension: VK_KHR_shader_atomic_int64 (C:\Windows\System32\DriverStore\FileRepository\nv_dispi.inf_amd64_a51067c0ac557884\.\nvoglv64.dll) version 0.0.1
[23:42:04] [trace] I-ENGINE: Device Extension: VK_KHR_shader_clock (C:\Windows\System32\DriverStore\FileRepository\nv_dispi.inf_amd64_a51067c0ac557884\.\nvoglv64.dll) version 0.0.1
[23:42:04] [trace] I-ENGINE: Device Extension: VK_KHR_shader_draw_parameters (C:\Windows\System32\DriverStore\FileRepository\nv_dispi.inf_amd64_a51067c0ac557884\.\nvoglv64.dll) version 0.0.1
[23:42:04] [trace] I-ENGINE: Device Extension: VK_KHR_shader_float16_int8 (C:\Windows\System32\DriverStore\FileRepository\nv_dispi.inf_amd64_a51067c0ac557884\.\nvoglv64.dll) version 0.0.1
[23:42:04] [trace] I-ENGINE: Device Extension: VK_KHR_shader_float_controls (C:\Windows\System32\DriverStore\FileRepository\nv_dispi.inf_amd64_a51067c0ac557884\.\nvoglv64.dll) version 0.0.4
[23:42:04] [trace] I-ENGINE: Device Extension: VK_KHR_shader_non_semantic_info (C:\Windows\System32\DriverStore\FileRepository\nv_dispi.inf_amd64_a51067c0ac557884\.\nvoglv64.dll) version 0.0.1
[23:42:04] [trace] I-ENGINE: Device Extension: VK_KHR_shader_subgroup_extended_types (C:\Windows\System32\DriverStore\FileRepository\nv_dispi.inf_amd64_a51067c0ac557884\.\nvoglv64.dll) version 0.0.1
[23:42:04] [trace] I-ENGINE: Device Extension: VK_KHR_shader_terminate_invocation (C:\Windows\System32\DriverStore\FileRepository\nv_dispi.inf_amd64_a51067c0ac557884\.\nvoglv64.dll) version 0.0.1
[23:42:04] [trace] I-ENGINE: Device Extension: VK_KHR_spirv_1_4 (C:\Windows\System32\DriverStore\FileRepository\nv_dispi.inf_amd64_a51067c0ac557884\.\nvoglv64.dll) version 0.0.1
[23:42:04] [trace] I-ENGINE: Device Extension: VK_KHR_storage_buffer_storage_class (C:\Windows\System32\DriverStore\FileRepository\nv_dispi.inf_amd64_a51067c0ac557884\.\nvoglv64.dll) version 0.0.1
[23:42:04] [trace] I-ENGINE: Device Extension: VK_KHR_swapchain (C:\Windows\System32\DriverStore\FileRepository\nv_dispi.inf_amd64_a51067c0ac557884\.\nvoglv64.dll) version 0.0.70
[23:42:04] [trace] I-ENGINE: Device Extension: VK_KHR_swapchain_mutable_format (C:\Windows\System32\DriverStore\FileRepository\nv_dispi.inf_amd64_a51067c0ac557884\.\nvoglv64.dll) version 0.0.1
[23:42:04] [trace] I-ENGINE: Device Extension: VK_KHR_timeline_semaphore (C:\Windows\System32\DriverStore\FileRepository\nv_dispi.inf_amd64_a51067c0ac557884\.\nvoglv64.dll) version 0.0.2
[23:42:04] [trace] I-ENGINE: Device Extension: VK_KHR_uniform_buffer_standard_layout (C:\Windows\System32\DriverStore\FileRepository\nv_dispi.inf_amd64_a51067c0ac557884\.\nvoglv64.dll) version 0.0.1
[23:42:04] [trace] I-ENGINE: Device Extension: VK_KHR_variable_pointers (C:\Windows\System32\DriverStore\FileRepository\nv_dispi.inf_amd64_a51067c0ac557884\.\nvoglv64.dll) version 0.0.1
[23:42:04] [trace] I-ENGINE: Device Extension: VK_KHR_vulkan_memory_model (C:\Windows\System32\DriverStore\FileRepository\nv_dispi.inf_amd64_a51067c0ac557884\.\nvoglv64.dll) version 0.0.3
[23:42:04] [trace] I-ENGINE: Device Extension: VK_KHR_win32_keyed_mutex (C:\Windows\System32\DriverStore\FileRepository\nv_dispi.inf_amd64_a51067c0ac557884\.\nvoglv64.dll) version 0.0.1
[23:42:04] [trace] I-ENGINE: Device Extension: VK_EXT_4444_formats (C:\Windows\System32\DriverStore\FileRepository\nv_dispi.inf_amd64_a51067c0ac557884\.\nvoglv64.dll) version 0.0.1
[23:42:04] [trace] I-ENGINE: Device Extension: VK_EXT_blend_operation_advanced (C:\Windows\System32\DriverStore\FileRepository\nv_dispi.inf_amd64_a51067c0ac557884\.\nvoglv64.dll) version 0.0.2
[23:42:04] [trace] I-ENGINE: Device Extension: VK_EXT_buffer_device_address (C:\Windows\System32\DriverStore\FileRepository\nv_dispi.inf_amd64_a51067c0ac557884\.\nvoglv64.dll) version 0.0.2
[23:42:04] [trace] I-ENGINE: Device Extension: VK_EXT_calibrated_timestamps (C:\Windows\System32\DriverStore\FileRepository\nv_dispi.inf_amd64_a51067c0ac557884\.\nvoglv64.dll) version 0.0.1
[23:42:04] [trace] I-ENGINE: Device Extension: VK_EXT_conditional_rendering (C:\Windows\System32\DriverStore\FileRepository\nv_dispi.inf_amd64_a51067c0ac557884\.\nvoglv64.dll) version 0.0.2
[23:42:04] [trace] I-ENGINE: Device Extension: VK_EXT_conservative_rasterization (C:\Windows\System32\DriverStore\FileRepository\nv_dispi.inf_amd64_a51067c0ac557884\.\nvoglv64.dll) version 0.0.1
[23:42:04] [trace] I-ENGINE: Device Extension: VK_EXT_custom_border_color (C:\Windows\System32\DriverStore\FileRepository\nv_dispi.inf_amd64_a51067c0ac557884\.\nvoglv64.dll) version 0.0.12
[23:42:04] [trace] I-ENGINE: Device Extension: VK_EXT_depth_clip_enable (C:\Windows\System32\DriverStore\FileRepository\nv_dispi.inf_amd64_a51067c0ac557884\.\nvoglv64.dll) version 0.0.1
[23:42:04] [trace] I-ENGINE: Device Extension: VK_EXT_depth_range_unrestricted (C:\Windows\System32\DriverStore\FileRepository\nv_dispi.inf_amd64_a51067c0ac557884\.\nvoglv64.dll) version 0.0.1
[23:42:04] [trace] I-ENGINE: Device Extension: VK_EXT_descriptor_indexing (C:\Windows\System32\DriverStore\FileRepository\nv_dispi.inf_amd64_a51067c0ac557884\.\nvoglv64.dll) version 0.0.2
[23:42:04] [trace] I-ENGINE: Device Extension: VK_EXT_discard_rectangles (C:\Windows\System32\DriverStore\FileRepository\nv_dispi.inf_amd64_a51067c0ac557884\.\nvoglv64.dll) version 0.0.1
[23:42:04] [trace] I-ENGINE: Device Extension: VK_EXT_extended_dynamic_state (C:\Windows\System32\DriverStore\FileRepository\nv_dispi.inf_amd64_a51067c0ac557884\.\nvoglv64.dll) version 0.0.1
[23:42:04] [trace] I-ENGINE: Device Extension: VK_EXT_external_memory_host (C:\Windows\System32\DriverStore\FileRepository\nv_dispi.inf_amd64_a51067c0ac557884\.\nvoglv64.dll) version 0.0.1
[23:42:04] [trace] I-ENGINE: Device Extension: VK_EXT_fragment_shader_interlock (C:\Windows\System32\DriverStore\FileRepository\nv_dispi.inf_amd64_a51067c0ac557884\.\nvoglv64.dll) version 0.0.1
[23:42:04] [trace] I-ENGINE: Device Extension: VK_EXT_full_screen_exclusive (C:\Windows\System32\DriverStore\FileRepository\nv_dispi.inf_amd64_a51067c0ac557884\.\nvoglv64.dll) version 0.0.4
[23:42:04] [trace] I-ENGINE: Device Extension: VK_EXT_hdr_metadata (C:\Windows\System32\DriverStore\FileRepository\nv_dispi.inf_amd64_a51067c0ac557884\.\nvoglv64.dll) version 0.0.2
[23:42:04] [trace] I-ENGINE: Device Extension: VK_EXT_host_query_reset (C:\Windows\System32\DriverStore\FileRepository\nv_dispi.inf_amd64_a51067c0ac557884\.\nvoglv64.dll) version 0.0.1
[23:42:04] [trace] I-ENGINE: Device Extension: VK_EXT_image_robustness (C:\Windows\System32\DriverStore\FileRepository\nv_dispi.inf_amd64_a51067c0ac557884\.\nvoglv64.dll) version 0.0.1
[23:42:04] [trace] I-ENGINE: Device Extension: VK_EXT_index_type_uint8 (C:\Windows\System32\DriverStore\FileRepository\nv_dispi.inf_amd64_a51067c0ac557884\.\nvoglv64.dll) version 0.0.1
[23:42:04] [trace] I-ENGINE: Device Extension: VK_EXT_inline_uniform_block (C:\Windows\System32\DriverStore\FileRepository\nv_dispi.inf_amd64_a51067c0ac557884\.\nvoglv64.dll) version 0.0.1
[23:42:04] [trace] I-ENGINE: Device Extension: VK_EXT_line_rasterization (C:\Windows\System32\DriverStore\FileRepository\nv_dispi.inf_amd64_a51067c0ac557884\.\nvoglv64.dll) version 0.0.1
[23:42:04] [trace] I-ENGINE: Device Extension: VK_EXT_memory_budget (C:\Windows\System32\DriverStore\FileRepository\nv_dispi.inf_amd64_a51067c0ac557884\.\nvoglv64.dll) version 0.0.1
[23:42:04] [trace] I-ENGINE: Device Extension: VK_EXT_memory_priority (C:\Windows\System32\DriverStore\FileRepository\nv_dispi.inf_amd64_a51067c0ac557884\.\nvoglv64.dll) version 0.0.1
[23:42:04] [trace] I-ENGINE: Device Extension: VK_EXT_pci_bus_info (C:\Windows\System32\DriverStore\FileRepository\nv_dispi.inf_amd64_a51067c0ac557884\.\nvoglv64.dll) version 0.0.2
[23:42:04] [trace] I-ENGINE: Device Extension: VK_EXT_pipeline_creation_cache_control (C:\Windows\System32\DriverStore\FileRepository\nv_dispi.inf_amd64_a51067c0ac557884\.\nvoglv64.dll) version 0.0.3
[23:42:04] [trace] I-ENGINE: Device Extension: VK_EXT_pipeline_creation_feedback (C:\Windows\System32\DriverStore\FileRepository\nv_dispi.inf_amd64_a51067c0ac557884\.\nvoglv64.dll) version 0.0.1
[23:42:04] [trace] I-ENGINE: Device Extension: VK_EXT_post_depth_coverage (C:\Windows\System32\DriverStore\FileRepository\nv_dispi.inf_amd64_a51067c0ac557884\.\nvoglv64.dll) version 0.0.1
[23:42:04] [trace] I-ENGINE: Device Extension: VK_EXT_private_data (C:\Windows\System32\DriverStore\FileRepository\nv_dispi.inf_amd64_a51067c0ac557884\.\nvoglv64.dll) version 0.0.1
[23:42:04] [trace] I-ENGINE: Device Extension: VK_EXT_robustness2 (C:\Windows\System32\DriverStore\FileRepository\nv_dispi.inf_amd64_a51067c0ac557884\.\nvoglv64.dll) version 0.0.1
[23:42:04] [trace] I-ENGINE: Device Extension: VK_EXT_sample_locations (C:\Windows\System32\DriverStore\FileRepository\nv_dispi.inf_amd64_a51067c0ac557884\.\nvoglv64.dll) version 0.0.1
[23:42:04] [trace] I-ENGINE: Device Extension: VK_EXT_sampler_filter_minmax (C:\Windows\System32\DriverStore\FileRepository\nv_dispi.inf_amd64_a51067c0ac557884\.\nvoglv64.dll) version 0.0.2
[23:42:04] [trace] I-ENGINE: Device Extension: VK_EXT_scalar_block_layout (C:\Windows\System32\DriverStore\FileRepository\nv_dispi.inf_amd64_a51067c0ac557884\.\nvoglv64.dll) version 0.0.1
[23:42:04] [trace] I-ENGINE: Device Extension: VK_EXT_separate_stencil_usage (C:\Windows\System32\DriverStore\FileRepository\nv_dispi.inf_amd64_a51067c0ac557884\.\nvoglv64.dll) version 0.0.1
[23:42:04] [trace] I-ENGINE: Device Extension: VK_EXT_shader_atomic_float (C:\Windows\System32\DriverStore\FileRepository\nv_dispi.inf_amd64_a51067c0ac557884\.\nvoglv64.dll) version 0.0.1
[23:42:04] [trace] I-ENGINE: Device Extension: VK_EXT_shader_demote_to_helper_invocation (C:\Windows\System32\DriverStore\FileRepository\nv_dispi.inf_amd64_a51067c0ac557884\.\nvoglv64.dll) version 0.0.1
[23:42:04] [trace] I-ENGINE: Device Extension: VK_EXT_shader_image_atomic_int64 (C:\Windows\System32\DriverStore\FileRepository\nv_dispi.inf_amd64_a51067c0ac557884\.\nvoglv64.dll) version 0.0.1
[23:42:04] [trace] I-ENGINE: Device Extension: VK_EXT_shader_subgroup_ballot (C:\Windows\System32\DriverStore\FileRepository\nv_dispi.inf_amd64_a51067c0ac557884\.\nvoglv64.dll) version 0.0.1
[23:42:04] [trace] I-ENGINE: Device Extension: VK_EXT_shader_subgroup_vote (C:\Windows\System32\DriverStore\FileRepository\nv_dispi.inf_amd64_a51067c0ac557884\.\nvoglv64.dll) version 0.0.1
[23:42:04] [trace] I-ENGINE: Device Extension: VK_EXT_shader_viewport_index_layer (C:\Windows\System32\DriverStore\FileRepository\nv_dispi.inf_amd64_a51067c0ac557884\.\nvoglv64.dll) version 0.0.1
[23:42:04] [trace] I-ENGINE: Device Extension: VK_EXT_subgroup_size_control (C:\Windows\System32\DriverStore\FileRepository\nv_dispi.inf_amd64_a51067c0ac557884\.\nvoglv64.dll) version 0.0.2
[23:42:04] [trace] I-ENGINE: Device Extension: VK_EXT_texel_buffer_alignment (C:\Windows\System32\DriverStore\FileRepository\nv_dispi.inf_amd64_a51067c0ac557884\.\nvoglv64.dll) version 0.0.1
[23:42:04] [trace] I-ENGINE: Device Extension: VK_EXT_tooling_info (C:\Windows\System32\DriverStore\FileRepository\nv_dispi.inf_amd64_a51067c0ac557884\.\nvoglv64.dll) version 0.0.1
[23:42:04] [trace] I-ENGINE: Device Extension: VK_EXT_transform_feedback (C:\Windows\System32\DriverStore\FileRepository\nv_dispi.inf_amd64_a51067c0ac557884\.\nvoglv64.dll) version 0.0.1
[23:42:04] [trace] I-ENGINE: Device Extension: VK_EXT_vertex_attribute_divisor (C:\Windows\System32\DriverStore\FileRepository\nv_dispi.inf_amd64_a51067c0ac557884\.\nvoglv64.dll) version 0.0.3
[23:42:04] [trace] I-ENGINE: Device Extension: VK_EXT_ycbcr_image_arrays (C:\Windows\System32\DriverStore\FileRepository\nv_dispi.inf_amd64_a51067c0ac557884\.\nvoglv64.dll) version 0.0.1
[23:42:04] [trace] I-ENGINE: Device Extension: VK_NV_acquire_winrt_display (C:\Windows\System32\DriverStore\FileRepository\nv_dispi.inf_amd64_a51067c0ac557884\.\nvoglv64.dll) version 0.0.1
[23:42:04] [trace] I-ENGINE: Device Extension: VK_NV_clip_space_w_scaling (C:\Windows\System32\DriverStore\FileRepository\nv_dispi.inf_amd64_a51067c0ac557884\.\nvoglv64.dll) version 0.0.1
[23:42:04] [trace] I-ENGINE: Device Extension: VK_NV_coverage_reduction_mode (C:\Windows\System32\DriverStore\FileRepository\nv_dispi.inf_amd64_a51067c0ac557884\.\nvoglv64.dll) version 0.0.1
[23:42:04] [trace] I-ENGINE: Device Extension: VK_NV_dedicated_allocation (C:\Windows\System32\DriverStore\FileRepository\nv_dispi.inf_amd64_a51067c0ac557884\.\nvoglv64.dll) version 0.0.1
[23:42:04] [trace] I-ENGINE: Device Extension: VK_NV_dedicated_allocation_image_aliasing (C:\Windows\System32\DriverStore\FileRepository\nv_dispi.inf_amd64_a51067c0ac557884\.\nvoglv64.dll) version 0.0.1
[23:42:04] [trace] I-ENGINE: Device Extension: VK_NV_device_diagnostic_checkpoints (C:\Windows\System32\DriverStore\FileRepository\nv_dispi.inf_amd64_a51067c0ac557884\.\nvoglv64.dll) version 0.0.2
[23:42:04] [trace] I-ENGINE: Device Extension: VK_NV_device_diagnostics_config (C:\Windows\System32\DriverStore\FileRepository\nv_dispi.inf_amd64_a51067c0ac557884\.\nvoglv64.dll) version 0.0.1
[23:42:04] [trace] I-ENGINE: Device Extension: VK_NV_device_generated_commands (C:\Windows\System32\DriverStore\FileRepository\nv_dispi.inf_amd64_a51067c0ac557884\.\nvoglv64.dll) version 0.0.3
[23:42:04] [trace] I-ENGINE: Device Extension: VK_NV_external_memory (C:\Windows\System32\DriverStore\FileRepository\nv_dispi.inf_amd64_a51067c0ac557884\.\nvoglv64.dll) version 0.0.1
[23:42:04] [trace] I-ENGINE: Device Extension: VK_NV_external_memory_win32 (C:\Windows\System32\DriverStore\FileRepository\nv_dispi.inf_amd64_a51067c0ac557884\.\nvoglv64.dll) version 0.0.1
[23:42:04] [trace] I-ENGINE: Device Extension: VK_NV_fill_rectangle (C:\Windows\System32\DriverStore\FileRepository\nv_dispi.inf_amd64_a51067c0ac557884\.\nvoglv64.dll) version 0.0.1
[23:42:04] [trace] I-ENGINE: Device Extension: VK_NV_fragment_coverage_to_color (C:\Windows\System32\DriverStore\FileRepository\nv_dispi.inf_amd64_a51067c0ac557884\.\nvoglv64.dll) version 0.0.1
[23:42:04] [trace] I-ENGINE: Device Extension: VK_NV_framebuffer_mixed_samples (C:\Windows\System32\DriverStore\FileRepository\nv_dispi.inf_amd64_a51067c0ac557884\.\nvoglv64.dll) version 0.0.1
[23:42:04] [trace] I-ENGINE: Device Extension: VK_NV_geometry_shader_passthrough (C:\Windows\System32\DriverStore\FileRepository\nv_dispi.inf_amd64_a51067c0ac557884\.\nvoglv64.dll) version 0.0.1
[23:42:04] [trace] I-ENGINE: Device Extension: VK_NV_ray_tracing (C:\Windows\System32\DriverStore\FileRepository\nv_dispi.inf_amd64_a51067c0ac557884\.\nvoglv64.dll) version 0.0.3
[23:42:04] [trace] I-ENGINE: Device Extension: VK_NV_sample_mask_override_coverage (C:\Windows\System32\DriverStore\FileRepository\nv_dispi.inf_amd64_a51067c0ac557884\.\nvoglv64.dll) version 0.0.1
[23:42:04] [trace] I-ENGINE: Device Extension: VK_NV_shader_sm_builtins (C:\Windows\System32\DriverStore\FileRepository\nv_dispi.inf_amd64_a51067c0ac557884\.\nvoglv64.dll) version 0.0.1
[23:42:04] [trace] I-ENGINE: Device Extension: VK_NV_shader_subgroup_partitioned (C:\Windows\System32\DriverStore\FileRepository\nv_dispi.inf_amd64_a51067c0ac557884\.\nvoglv64.dll) version 0.0.1
[23:42:04] [trace] I-ENGINE: Device Extension: VK_NV_viewport_array2 (C:\Windows\System32\DriverStore\FileRepository\nv_dispi.inf_amd64_a51067c0ac557884\.\nvoglv64.dll) version 0.0.1
[23:42:04] [trace] I-ENGINE: Device Extension: VK_NV_viewport_swizzle (C:\Windows\System32\DriverStore\FileRepository\nv_dispi.inf_amd64_a51067c0ac557884\.\nvoglv64.dll) version 0.0.1
[23:42:04] [trace] I-ENGINE: Device Extension: VK_NV_win32_keyed_mutex (C:\Windows\System32\DriverStore\FileRepository\nv_dispi.inf_amd64_a51067c0ac557884\.\nvoglv64.dll) version 0.0.2
[23:42:04] [trace] I-ENGINE: Device Extension: VK_NVX_multiview_per_view_attributes (C:\Windows\System32\DriverStore\FileRepository\nv_dispi.inf_amd64_a51067c0ac557884\.\nvoglv64.dll) version 0.0.1
[23:42:04] [trace] I-ENGINE: Device Extension: VK_KHR_acceleration_structure (C:\Windows\System32\DriverStore\FileRepository\nv_dispi.inf_amd64_a51067c0ac557884\.\nvoglv64.dll) version 0.0.11
[23:42:04] [trace] I-ENGINE: Device Extension: VK_KHR_ray_query (C:\Windows\System32\DriverStore\FileRepository\nv_dispi.inf_amd64_a51067c0ac557884\.\nvoglv64.dll) version 0.0.1
[23:42:04] [trace] I-ENGINE: Device Extension: VK_KHR_ray_tracing_pipeline (C:\Windows\System32\DriverStore\FileRepository\nv_dispi.inf_amd64_a51067c0ac557884\.\nvoglv64.dll) version 0.0.1
[23:42:04] [trace] I-ENGINE: Device Extension: VK_KHR_16bit_storage (C:\Windows\System32\DriverStore\FileRepository\nv_dispi.inf_amd64_a51067c0ac557884\.\nvoglv64.dll) version 0.0.1
[23:42:04] [trace] I-ENGINE: Device Extension: VK_KHR_8bit_storage (C:\Windows\System32\DriverStore\FileRepository\nv_dispi.inf_amd64_a51067c0ac557884\.\nvoglv64.dll) version 0.0.1
[23:42:04] [trace] I-ENGINE: Device Extension: VK_KHR_bind_memory2 (C:\Windows\System32\DriverStore\FileRepository\nv_dispi.inf_amd64_a51067c0ac557884\.\nvoglv64.dll) version 0.0.1
[23:42:04] [trace] I-ENGINE: Device Extension: VK_KHR_buffer_device_address (C:\Windows\System32\DriverStore\FileRepository\nv_dispi.inf_amd64_a51067c0ac557884\.\nvoglv64.dll) version 0.0.1
[23:42:04] [trace] I-ENGINE: Device Extension: VK_KHR_copy_commands2 (C:\Windows\System32\DriverStore\FileRepository\nv_dispi.inf_amd64_a51067c0ac557884\.\nvoglv64.dll) version 0.0.1
[23:42:04] [trace] I-ENGINE: Device Extension: VK_KHR_create_renderpass2 (C:\Windows\System32\DriverStore\FileRepository\nv_dispi.inf_amd64_a51067c0ac557884\.\nvoglv64.dll) version 0.0.1
[23:42:04] [trace] I-ENGINE: Device Extension: VK_KHR_dedicated_allocation (C:\Windows\System32\DriverStore\FileRepository\nv_dispi.inf_amd64_a51067c0ac557884\.\nvoglv64.dll) version 0.0.3
[23:42:04] [trace] I-ENGINE: Device Extension: VK_KHR_deferred_host_operations (C:\Windows\System32\DriverStore\FileRepository\nv_dispi.inf_amd64_a51067c0ac557884\.\nvoglv64.dll) version 0.0.3
[23:42:04] [trace] I-ENGINE: Device Extension: VK_KHR_depth_stencil_resolve (C:\Windows\System32\DriverStore\FileRepository\nv_dispi.inf_amd64_a51067c0ac557884\.\nvoglv64.dll) version 0.0.1
[23:42:04] [trace] I-ENGINE: Device Extension: VK_KHR_descriptor_update_template (C:\Windows\System32\DriverStore\FileRepository\nv_dispi.inf_amd64_a51067c0ac557884\.\nvoglv64.dll) version 0.0.1
[23:42:04] [trace] I-ENGINE: Device Extension: VK_KHR_device_group (C:\Windows\System32\DriverStore\FileRepository\nv_dispi.inf_amd64_a51067c0ac557884\.\nvoglv64.dll) version 0.0.4
[23:42:04] [trace] I-ENGINE: Device Extension: VK_KHR_draw_indirect_count (C:\Windows\System32\DriverStore\FileRepository\nv_dispi.inf_amd64_a51067c0ac557884\.\nvoglv64.dll) version 0.0.1
[23:42:04] [trace] I-ENGINE: Device Extension: VK_KHR_driver_properties (C:\Windows\System32\DriverStore\FileRepository\nv_dispi.inf_amd64_a51067c0ac557884\.\nvoglv64.dll) version 0.0.1
[23:42:04] [trace] I-ENGINE: Device Extension: VK_KHR_external_fence (C:\Windows\System32\DriverStore\FileRepository\nv_dispi.inf_amd64_a51067c0ac557884\.\nvoglv64.dll) version 0.0.1
[23:42:04] [trace] I-ENGINE: Device Extension: VK_KHR_external_fence_win32 (C:\Windows\System32\DriverStore\FileRepository\nv_dispi.inf_amd64_a51067c0ac557884\.\nvoglv64.dll) version 0.0.1
[23:42:04] [trace] I-ENGINE: Device Extension: VK_KHR_external_memory (C:\Windows\System32\DriverStore\FileRepository\nv_dispi.inf_amd64_a51067c0ac557884\.\nvoglv64.dll) version 0.0.1
[23:42:04] [trace] I-ENGINE: Device Extension: VK_KHR_external_memory_win32 (C:\Windows\System32\DriverStore\FileRepository\nv_dispi.inf_amd64_a51067c0ac557884\.\nvoglv64.dll) version 0.0.1
[23:42:04] [trace] I-ENGINE: Device Extension: VK_KHR_external_semaphore (C:\Windows\System32\DriverStore\FileRepository\nv_dispi.inf_amd64_a51067c0ac557884\.\nvoglv64.dll) version 0.0.1
[23:42:04] [trace] I-ENGINE: Device Extension: VK_KHR_external_semaphore_win32 (C:\Windows\System32\DriverStore\FileRepository\nv_dispi.inf_amd64_a51067c0ac557884\.\nvoglv64.dll) version 0.0.1
[23:42:04] [trace] I-ENGINE: Device Extension: VK_KHR_get_memory_requirements2 (C:\Windows\System32\DriverStore\FileRepository\nv_dispi.inf_amd64_a51067c0ac557884\.\nvoglv64.dll) version 0.0.1
[23:42:04] [trace] I-ENGINE: Device Extension: VK_KHR_image_format_list (C:\Windows\System32\DriverStore\FileRepository\nv_dispi.inf_amd64_a51067c0ac557884\.\nvoglv64.dll) version 0.0.1
[23:42:04] [trace] I-ENGINE: Device Extension: VK_KHR_imageless_framebuffer (C:\Windows\System32\DriverStore\FileRepository\nv_dispi.inf_amd64_a51067c0ac557884\.\nvoglv64.dll) version 0.0.1
[23:42:04] [trace] I-ENGINE: Device Extension: VK_KHR_maintenance1 (C:\Windows\System32\DriverStore\FileRepository\nv_dispi.inf_amd64_a51067c0ac557884\.\nvoglv64.dll) version 0.0.2
[23:42:04] [trace] I-ENGINE: Device Extension: VK_KHR_maintenance2 (C:\Windows\System32\DriverStore\FileRepository\nv_dispi.inf_amd64_a51067c0ac557884\.\nvoglv64.dll) version 0.0.1
[23:42:04] [trace] I-ENGINE: Device Extension: VK_KHR_maintenance3 (C:\Windows\System32\DriverStore\FileRepository\nv_dispi.inf_amd64_a51067c0ac557884\.\nvoglv64.dll) version 0.0.1
[23:42:04] [trace] I-ENGINE: Device Extension: VK_KHR_multiview (C:\Windows\System32\DriverStore\FileRepository\nv_dispi.inf_amd64_a51067c0ac557884\.\nvoglv64.dll) version 0.0.1
[23:42:04] [trace] I-ENGINE: Device Extension: VK_KHR_pipeline_executable_properties (C:\Windows\System32\DriverStore\FileRepository\nv_dispi.inf_amd64_a51067c0ac557884\.\nvoglv64.dll) version 0.0.1
[23:42:04] [trace] I-ENGINE: Device Extension: VK_KHR_pipeline_library (C:\Windows\System32\DriverStore\FileRepository\nv_dispi.inf_amd64_a51067c0ac557884\.\nvoglv64.dll) version 0.0.1
[23:42:04] [trace] I-ENGINE: Device Extension: VK_KHR_push_descriptor (C:\Windows\System32\DriverStore\FileRepository\nv_dispi.inf_amd64_a51067c0ac557884\.\nvoglv64.dll) version 0.0.2
[23:42:04] [trace] I-ENGINE: Device Extension: VK_KHR_relaxed_block_layout (C:\Windows\System32\DriverStore\FileRepository\nv_dispi.inf_amd64_a51067c0ac557884\.\nvoglv64.dll) version 0.0.1
[23:42:04] [trace] I-ENGINE: Device Extension: VK_KHR_sampler_mirror_clamp_to_edge (C:\Windows\System32\DriverStore\FileRepository\nv_dispi.inf_amd64_a51067c0ac557884\.\nvoglv64.dll) version 0.0.3
[23:42:04] [trace] I-ENGINE: Device Extension: VK_KHR_sampler_ycbcr_conversion (C:\Windows\System32\DriverStore\FileRepository\nv_dispi.inf_amd64_a51067c0ac557884\.\nvoglv64.dll) version 0.0.14
[23:42:04] [trace] I-ENGINE: Device Extension: VK_KHR_separate_depth_stencil_layouts (C:\Windows\System32\DriverStore\FileRepository\nv_dispi.inf_amd64_a51067c0ac557884\.\nvoglv64.dll) version 0.0.1
[23:42:04] [trace] I-ENGINE: Device Extension: VK_KHR_shader_atomic_int64 (C:\Windows\System32\DriverStore\FileRepository\nv_dispi.inf_amd64_a51067c0ac557884\.\nvoglv64.dll) version 0.0.1
[23:42:04] [trace] I-ENGINE: Device Extension: VK_KHR_shader_clock (C:\Windows\System32\DriverStore\FileRepository\nv_dispi.inf_amd64_a51067c0ac557884\.\nvoglv64.dll) version 0.0.1
[23:42:04] [trace] I-ENGINE: Device Extension: VK_KHR_shader_draw_parameters (C:\Windows\System32\DriverStore\FileRepository\nv_dispi.inf_amd64_a51067c0ac557884\.\nvoglv64.dll) version 0.0.1
[23:42:04] [trace] I-ENGINE: Device Extension: VK_KHR_shader_float16_int8 (C:\Windows\System32\DriverStore\FileRepository\nv_dispi.inf_amd64_a51067c0ac557884\.\nvoglv64.dll) version 0.0.1
[23:42:04] [trace] I-ENGINE: Device Extension: VK_KHR_shader_float_controls (C:\Windows\System32\DriverStore\FileRepository\nv_dispi.inf_amd64_a51067c0ac557884\.\nvoglv64.dll) version 0.0.4
[23:42:04] [trace] I-ENGINE: Device Extension: VK_KHR_shader_non_semantic_info (C:\Windows\System32\DriverStore\FileRepository\nv_dispi.inf_amd64_a51067c0ac557884\.\nvoglv64.dll) version 0.0.1
[23:42:04] [trace] I-ENGINE: Device Extension: VK_KHR_shader_subgroup_extended_types (C:\Windows\System32\DriverStore\FileRepository\nv_dispi.inf_amd64_a51067c0ac557884\.\nvoglv64.dll) version 0.0.1
[23:42:04] [trace] I-ENGINE: Device Extension: VK_KHR_shader_terminate_invocation (C:\Windows\System32\DriverStore\FileRepository\nv_dispi.inf_amd64_a51067c0ac557884\.\nvoglv64.dll) version 0.0.1
[23:42:04] [trace] I-ENGINE: Device Extension: VK_KHR_spirv_1_4 (C:\Windows\System32\DriverStore\FileRepository\nv_dispi.inf_amd64_a51067c0ac557884\.\nvoglv64.dll) version 0.0.1
[23:42:04] [trace] I-ENGINE: Device Extension: VK_KHR_storage_buffer_storage_class (C:\Windows\System32\DriverStore\FileRepository\nv_dispi.inf_amd64_a51067c0ac557884\.\nvoglv64.dll) version 0.0.1
[23:42:04] [trace] I-ENGINE: Device Extension: VK_KHR_swapchain (C:\Windows\System32\DriverStore\FileRepository\nv_dispi.inf_amd64_a51067c0ac557884\.\nvoglv64.dll) version 0.0.70
[23:42:04] [trace] I-ENGINE: Device Extension: VK_KHR_swapchain_mutable_format (C:\Windows\System32\DriverStore\FileRepository\nv_dispi.inf_amd64_a51067c0ac557884\.\nvoglv64.dll) version 0.0.1
[23:42:04] [trace] I-ENGINE: Device Extension: VK_KHR_timeline_semaphore (C:\Windows\System32\DriverStore\FileRepository\nv_dispi.inf_amd64_a51067c0ac557884\.\nvoglv64.dll) version 0.0.2
[23:42:04] [trace] I-ENGINE: Device Extension: VK_KHR_uniform_buffer_standard_layout (C:\Windows\System32\DriverStore\FileRepository\nv_dispi.inf_amd64_a51067c0ac557884\.\nvoglv64.dll) version 0.0.1
[23:42:04] [trace] I-ENGINE: Device Extension: VK_KHR_variable_pointers (C:\Windows\System32\DriverStore\FileRepository\nv_dispi.inf_amd64_a51067c0ac557884\.\nvoglv64.dll) version 0.0.1
[23:42:04] [trace] I-ENGINE: Device Extension: VK_KHR_vulkan_memory_model (C:\Windows\System32\DriverStore\FileRepository\nv_dispi.inf_amd64_a51067c0ac557884\.\nvoglv64.dll) version 0.0.3
[23:42:04] [trace] I-ENGINE: Device Extension: VK_KHR_win32_keyed_mutex (C:\Windows\System32\DriverStore\FileRepository\nv_dispi.inf_amd64_a51067c0ac557884\.\nvoglv64.dll) version 0.0.1
[23:42:04] [trace] I-ENGINE: Device Extension: VK_EXT_4444_formats (C:\Windows\System32\DriverStore\FileRepository\nv_dispi.inf_amd64_a51067c0ac557884\.\nvoglv64.dll) version 0.0.1
[23:42:04] [trace] I-ENGINE: Device Extension: VK_EXT_blend_operation_advanced (C:\Windows\System32\DriverStore\FileRepository\nv_dispi.inf_amd64_a51067c0ac557884\.\nvoglv64.dll) version 0.0.2
[23:42:04] [trace] I-ENGINE: Device Extension: VK_EXT_buffer_device_address (C:\Windows\System32\DriverStore\FileRepository\nv_dispi.inf_amd64_a51067c0ac557884\.\nvoglv64.dll) version 0.0.2
[23:42:04] [trace] I-ENGINE: Device Extension: VK_EXT_calibrated_timestamps (C:\Windows\System32\DriverStore\FileRepository\nv_dispi.inf_amd64_a51067c0ac557884\.\nvoglv64.dll) version 0.0.1
[23:42:04] [trace] I-ENGINE: Device Extension: VK_EXT_conditional_rendering (C:\Windows\System32\DriverStore\FileRepository\nv_dispi.inf_amd64_a51067c0ac557884\.\nvoglv64.dll) version 0.0.2
[23:42:04] [trace] I-ENGINE: Device Extension: VK_EXT_conservative_rasterization (C:\Windows\System32\DriverStore\FileRepository\nv_dispi.inf_amd64_a51067c0ac557884\.\nvoglv64.dll) version 0.0.1
[23:42:04] [trace] I-ENGINE: Device Extension: VK_EXT_custom_border_color (C:\Windows\System32\DriverStore\FileRepository\nv_dispi.inf_amd64_a51067c0ac557884\.\nvoglv64.dll) version 0.0.12
[23:42:04] [trace] I-ENGINE: Device Extension: VK_EXT_depth_clip_enable (C:\Windows\System32\DriverStore\FileRepository\nv_dispi.inf_amd64_a51067c0ac557884\.\nvoglv64.dll) version 0.0.1
[23:42:04] [trace] I-ENGINE: Device Extension: VK_EXT_depth_range_unrestricted (C:\Windows\System32\DriverStore\FileRepository\nv_dispi.inf_amd64_a51067c0ac557884\.\nvoglv64.dll) version 0.0.1
[23:42:04] [trace] I-ENGINE: Device Extension: VK_EXT_descriptor_indexing (C:\Windows\System32\DriverStore\FileRepository\nv_dispi.inf_amd64_a51067c0ac557884\.\nvoglv64.dll) version 0.0.2
[23:42:04] [trace] I-ENGINE: Device Extension: VK_EXT_discard_rectangles (C:\Windows\System32\DriverStore\FileRepository\nv_dispi.inf_amd64_a51067c0ac557884\.\nvoglv64.dll) version 0.0.1
[23:42:04] [trace] I-ENGINE: Device Extension: VK_EXT_extended_dynamic_state (C:\Windows\System32\DriverStore\FileRepository\nv_dispi.inf_amd64_a51067c0ac557884\.\nvoglv64.dll) version 0.0.1
[23:42:04] [trace] I-ENGINE: Device Extension: VK_EXT_external_memory_host (C:\Windows\System32\DriverStore\FileRepository\nv_dispi.inf_amd64_a51067c0ac557884\.\nvoglv64.dll) version 0.0.1
[23:42:04] [trace] I-ENGINE: Device Extension: VK_EXT_fragment_shader_interlock (C:\Windows\System32\DriverStore\FileRepository\nv_dispi.inf_amd64_a51067c0ac557884\.\nvoglv64.dll) version 0.0.1
[23:42:04] [trace] I-ENGINE: Device Extension: VK_EXT_full_screen_exclusive (C:\Windows\System32\DriverStore\FileRepository\nv_dispi.inf_amd64_a51067c0ac557884\.\nvoglv64.dll) version 0.0.4
[23:42:04] [trace] I-ENGINE: Device Extension: VK_EXT_hdr_metadata (C:\Windows\System32\DriverStore\FileRepository\nv_dispi.inf_amd64_a51067c0ac557884\.\nvoglv64.dll) version 0.0.2
[23:42:04] [trace] I-ENGINE: Device Extension: VK_EXT_host_query_reset (C:\Windows\System32\DriverStore\FileRepository\nv_dispi.inf_amd64_a51067c0ac557884\.\nvoglv64.dll) version 0.0.1
[23:42:04] [trace] I-ENGINE: Device Extension: VK_EXT_image_robustness (C:\Windows\System32\DriverStore\FileRepository\nv_dispi.inf_amd64_a51067c0ac557884\.\nvoglv64.dll) version 0.0.1
[23:42:04] [trace] I-ENGINE: Device Extension: VK_EXT_index_type_uint8 (C:\Windows\System32\DriverStore\FileRepository\nv_dispi.inf_amd64_a51067c0ac557884\.\nvoglv64.dll) version 0.0.1
[23:42:04] [trace] I-ENGINE: Device Extension: VK_EXT_inline_uniform_block (C:\Windows\System32\DriverStore\FileRepository\nv_dispi.inf_amd64_a51067c0ac557884\.\nvoglv64.dll) version 0.0.1
[23:42:04] [trace] I-ENGINE: Device Extension: VK_EXT_line_rasterization (C:\Windows\System32\DriverStore\FileRepository\nv_dispi.inf_amd64_a51067c0ac557884\.\nvoglv64.dll) version 0.0.1
[23:42:04] [trace] I-ENGINE: Device Extension: VK_EXT_memory_budget (C:\Windows\System32\DriverStore\FileRepository\nv_dispi.inf_amd64_a51067c0ac557884\.\nvoglv64.dll) version 0.0.1
[23:42:04] [trace] I-ENGINE: Device Extension: VK_EXT_memory_priority (C:\Windows\System32\DriverStore\FileRepository\nv_dispi.inf_amd64_a51067c0ac557884\.\nvoglv64.dll) version 0.0.1
[23:42:04] [trace] I-ENGINE: Device Extension: VK_EXT_pci_bus_info (C:\Windows\System32\DriverStore\FileRepository\nv_dispi.inf_amd64_a51067c0ac557884\.\nvoglv64.dll) version 0.0.2
[23:42:04] [trace] I-ENGINE: Device Extension: VK_EXT_pipeline_creation_cache_control (C:\Windows\System32\DriverStore\FileRepository\nv_dispi.inf_amd64_a51067c0ac557884\.\nvoglv64.dll) version 0.0.3
[23:42:04] [trace] I-ENGINE: Device Extension: VK_EXT_pipeline_creation_feedback (C:\Windows\System32\DriverStore\FileRepository\nv_dispi.inf_amd64_a51067c0ac557884\.\nvoglv64.dll) version 0.0.1
[23:42:04] [trace] I-ENGINE: Device Extension: VK_EXT_post_depth_coverage (C:\Windows\System32\DriverStore\FileRepository\nv_dispi.inf_amd64_a51067c0ac557884\.\nvoglv64.dll) version 0.0.1
[23:42:04] [trace] I-ENGINE: Device Extension: VK_EXT_private_data (C:\Windows\System32\DriverStore\FileRepository\nv_dispi.inf_amd64_a51067c0ac557884\.\nvoglv64.dll) version 0.0.1
[23:42:04] [trace] I-ENGINE: Device Extension: VK_EXT_robustness2 (C:\Windows\System32\DriverStore\FileRepository\nv_dispi.inf_amd64_a51067c0ac557884\.\nvoglv64.dll) version 0.0.1
[23:42:04] [trace] I-ENGINE: Device Extension: VK_EXT_sample_locations (C:\Windows\System32\DriverStore\FileRepository\nv_dispi.inf_amd64_a51067c0ac557884\.\nvoglv64.dll) version 0.0.1
[23:42:04] [trace] I-ENGINE: Device Extension: VK_EXT_sampler_filter_minmax (C:\Windows\System32\DriverStore\FileRepository\nv_dispi.inf_amd64_a51067c0ac557884\.\nvoglv64.dll) version 0.0.2
[23:42:04] [trace] I-ENGINE: Device Extension: VK_EXT_scalar_block_layout (C:\Windows\System32\DriverStore\FileRepository\nv_dispi.inf_amd64_a51067c0ac557884\.\nvoglv64.dll) version 0.0.1
[23:42:04] [trace] I-ENGINE: Device Extension: VK_EXT_separate_stencil_usage (C:\Windows\System32\DriverStore\FileRepository\nv_dispi.inf_amd64_a51067c0ac557884\.\nvoglv64.dll) version 0.0.1
[23:42:04] [trace] I-ENGINE: Device Extension: VK_EXT_shader_atomic_float (C:\Windows\System32\DriverStore\FileRepository\nv_dispi.inf_amd64_a51067c0ac557884\.\nvoglv64.dll) version 0.0.1
[23:42:04] [trace] I-ENGINE: Device Extension: VK_EXT_shader_demote_to_helper_invocation (C:\Windows\System32\DriverStore\FileRepository\nv_dispi.inf_amd64_a51067c0ac557884\.\nvoglv64.dll) version 0.0.1
[23:42:04] [trace] I-ENGINE: Device Extension: VK_EXT_shader_image_atomic_int64 (C:\Windows\System32\DriverStore\FileRepository\nv_dispi.inf_amd64_a51067c0ac557884\.\nvoglv64.dll) version 0.0.1
[23:42:04] [trace] I-ENGINE: Device Extension: VK_EXT_shader_subgroup_ballot (C:\Windows\System32\DriverStore\FileRepository\nv_dispi.inf_amd64_a51067c0ac557884\.\nvoglv64.dll) version 0.0.1
[23:42:04] [trace] I-ENGINE: Device Extension: VK_EXT_shader_subgroup_vote (C:\Windows\System32\DriverStore\FileRepository\nv_dispi.inf_amd64_a51067c0ac557884\.\nvoglv64.dll) version 0.0.1
[23:42:04] [trace] I-ENGINE: Device Extension: VK_EXT_shader_viewport_index_layer (C:\Windows\System32\DriverStore\FileRepository\nv_dispi.inf_amd64_a51067c0ac557884\.\nvoglv64.dll) version 0.0.1
[23:42:04] [trace] I-ENGINE: Device Extension: VK_EXT_subgroup_size_control (C:\Windows\System32\DriverStore\FileRepository\nv_dispi.inf_amd64_a51067c0ac557884\.\nvoglv64.dll) version 0.0.2
[23:42:04] [trace] I-ENGINE: Device Extension: VK_EXT_texel_buffer_alignment (C:\Windows\System32\DriverStore\FileRepository\nv_dispi.inf_amd64_a51067c0ac557884\.\nvoglv64.dll) version 0.0.1
[23:42:04] [trace] I-ENGINE: Device Extension: VK_EXT_tooling_info (C:\Windows\System32\DriverStore\FileRepository\nv_dispi.inf_amd64_a51067c0ac557884\.\nvoglv64.dll) version 0.0.1
[23:42:04] [trace] I-ENGINE: Device Extension: VK_EXT_transform_feedback (C:\Windows\System32\DriverStore\FileRepository\nv_dispi.inf_amd64_a51067c0ac557884\.\nvoglv64.dll) version 0.0.1
[23:42:04] [trace] I-ENGINE: Device Extension: VK_EXT_vertex_attribute_divisor (C:\Windows\System32\DriverStore\FileRepository\nv_dispi.inf_amd64_a51067c0ac557884\.\nvoglv64.dll) version 0.0.3
[23:42:04] [trace] I-ENGINE: Device Extension: VK_EXT_ycbcr_image_arrays (C:\Windows\System32\DriverStore\FileRepository\nv_dispi.inf_amd64_a51067c0ac557884\.\nvoglv64.dll) version 0.0.1
[23:42:04] [trace] I-ENGINE: Device Extension: VK_NV_acquire_winrt_display (C:\Windows\System32\DriverStore\FileRepository\nv_dispi.inf_amd64_a51067c0ac557884\.\nvoglv64.dll) version 0.0.1
[23:42:04] [trace] I-ENGINE: Device Extension: VK_NV_clip_space_w_scaling (C:\Windows\System32\DriverStore\FileRepository\nv_dispi.inf_amd64_a51067c0ac557884\.\nvoglv64.dll) version 0.0.1
[23:42:04] [trace] I-ENGINE: Device Extension: VK_NV_coverage_reduction_mode (C:\Windows\System32\DriverStore\FileRepository\nv_dispi.inf_amd64_a51067c0ac557884\.\nvoglv64.dll) version 0.0.1
[23:42:04] [trace] I-ENGINE: Device Extension: VK_NV_dedicated_allocation (C:\Windows\System32\DriverStore\FileRepository\nv_dispi.inf_amd64_a51067c0ac557884\.\nvoglv64.dll) version 0.0.1
[23:42:04] [trace] I-ENGINE: Device Extension: VK_NV_dedicated_allocation_image_aliasing (C:\Windows\System32\DriverStore\FileRepository\nv_dispi.inf_amd64_a51067c0ac557884\.\nvoglv64.dll) version 0.0.1
[23:42:04] [trace] I-ENGINE: Device Extension: VK_NV_device_diagnostic_checkpoints (C:\Windows\System32\DriverStore\FileRepository\nv_dispi.inf_amd64_a51067c0ac557884\.\nvoglv64.dll) version 0.0.2
[23:42:04] [trace] I-ENGINE: Device Extension: VK_NV_device_diagnostics_config (C:\Windows\System32\DriverStore\FileRepository\nv_dispi.inf_amd64_a51067c0ac557884\.\nvoglv64.dll) version 0.0.1
[23:42:04] [trace] I-ENGINE: Device Extension: VK_NV_device_generated_commands (C:\Windows\System32\DriverStore\FileRepository\nv_dispi.inf_amd64_a51067c0ac557884\.\nvoglv64.dll) version 0.0.3
[23:42:04] [trace] I-ENGINE: Device Extension: VK_NV_external_memory (C:\Windows\System32\DriverStore\FileRepository\nv_dispi.inf_amd64_a51067c0ac557884\.\nvoglv64.dll) version 0.0.1
[23:42:04] [trace] I-ENGINE: Device Extension: VK_NV_external_memory_win32 (C:\Windows\System32\DriverStore\FileRepository\nv_dispi.inf_amd64_a51067c0ac557884\.\nvoglv64.dll) version 0.0.1
[23:42:04] [trace] I-ENGINE: Device Extension: VK_NV_fill_rectangle (C:\Windows\System32\DriverStore\FileRepository\nv_dispi.inf_amd64_a51067c0ac557884\.\nvoglv64.dll) version 0.0.1
[23:42:04] [trace] I-ENGINE: Device Extension: VK_NV_fragment_coverage_to_color (C:\Windows\System32\DriverStore\FileRepository\nv_dispi.inf_amd64_a51067c0ac557884\.\nvoglv64.dll) version 0.0.1
[23:42:04] [trace] I-ENGINE: Device Extension: VK_NV_framebuffer_mixed_samples (C:\Windows\System32\DriverStore\FileRepository\nv_dispi.inf_amd64_a51067c0ac557884\.\nvoglv64.dll) version 0.0.1
[23:42:04] [trace] I-ENGINE: Device Extension: VK_NV_geometry_shader_passthrough (C:\Windows\System32\DriverStore\FileRepository\nv_dispi.inf_amd64_a51067c0ac557884\.\nvoglv64.dll) version 0.0.1
[23:42:04] [trace] I-ENGINE: Device Extension: VK_NV_ray_tracing (C:\Windows\System32\DriverStore\FileRepository\nv_dispi.inf_amd64_a51067c0ac557884\.\nvoglv64.dll) version 0.0.3
[23:42:04] [trace] I-ENGINE: Device Extension: VK_NV_sample_mask_override_coverage (C:\Windows\System32\DriverStore\FileRepository\nv_dispi.inf_amd64_a51067c0ac557884\.\nvoglv64.dll) version 0.0.1
[23:42:04] [trace] I-ENGINE: Device Extension: VK_NV_shader_sm_builtins (C:\Windows\System32\DriverStore\FileRepository\nv_dispi.inf_amd64_a51067c0ac557884\.\nvoglv64.dll) version 0.0.1
[23:42:04] [trace] I-ENGINE: Device Extension: VK_NV_shader_subgroup_partitioned (C:\Windows\System32\DriverStore\FileRepository\nv_dispi.inf_amd64_a51067c0ac557884\.\nvoglv64.dll) version 0.0.1
[23:42:04] [trace] I-ENGINE: Device Extension: VK_NV_viewport_array2 (C:\Windows\System32\DriverStore\FileRepository\nv_dispi.inf_amd64_a51067c0ac557884\.\nvoglv64.dll) version 0.0.1
[23:42:04] [trace] I-ENGINE: Device Extension: VK_NV_viewport_swizzle (C:\Windows\System32\DriverStore\FileRepository\nv_dispi.inf_amd64_a51067c0ac557884\.\nvoglv64.dll) version 0.0.1
[23:42:04] [trace] I-ENGINE: Device Extension: VK_NV_win32_keyed_mutex (C:\Windows\System32\DriverStore\FileRepository\nv_dispi.inf_amd64_a51067c0ac557884\.\nvoglv64.dll) version 0.0.2
[23:42:04] [trace] I-ENGINE: Device Extension: VK_NVX_multiview_per_view_attributes (C:\Windows\System32\DriverStore\FileRepository\nv_dispi.inf_amd64_a51067c0ac557884\.\nvoglv64.dll) version 0.0.1
[23:42:04] [trace] I-ENGINE: Device Extension: VK_KHR_acceleration_structure (C:\Windows\System32\DriverStore\FileRepository\nv_dispi.inf_amd64_a51067c0ac557884\.\nvoglv64.dll) version 0.0.11
[23:42:04] [trace] I-ENGINE: Device Extension: VK_KHR_ray_query (C:\Windows\System32\DriverStore\FileRepository\nv_dispi.inf_amd64_a51067c0ac557884\.\nvoglv64.dll) version 0.0.1
[23:42:04] [trace] I-ENGINE: Device Extension: VK_KHR_ray_tracing_pipeline (C:\Windows\System32\DriverStore\FileRepository\nv_dispi.inf_amd64_a51067c0ac557884\.\nvoglv64.dll) version 0.0.1
[23:42:04] [trace] I-ENGINE: Device Extension: VK_KHR_16bit_storage (Unknown) version 0.0.1
[23:42:04] [trace] I-ENGINE: Device Extension: VK_KHR_8bit_storage (Unknown) version 0.0.1
[23:42:04] [trace] I-ENGINE: Device Extension: VK_KHR_bind_memory2 (Unknown) version 0.0.1
[23:42:04] [trace] I-ENGINE: Device Extension: VK_KHR_buffer_device_address (Unknown) version 0.0.1
[23:42:04] [trace] I-ENGINE: Device Extension: VK_KHR_copy_commands2 (Unknown) version 0.0.1
[23:42:04] [trace] I-ENGINE: Device Extension: VK_KHR_create_renderpass2 (Unknown) version 0.0.1
[23:42:04] [trace] I-ENGINE: Device Extension: VK_KHR_dedicated_allocation (Unknown) version 0.0.3
[23:42:04] [trace] I-ENGINE: Device Extension: VK_KHR_deferred_host_operations (Unknown) version 0.0.3
[23:42:04] [trace] I-ENGINE: Device Extension: VK_KHR_depth_stencil_resolve (Unknown) version 0.0.1
[23:42:04] [trace] I-ENGINE: Device Extension: VK_KHR_descriptor_update_template (Unknown) version 0.0.1
[23:42:04] [trace] I-ENGINE: Device Extension: VK_KHR_device_group (Unknown) version 0.0.4
[23:42:04] [trace] I-ENGINE: Device Extension: VK_KHR_draw_indirect_count (Unknown) version 0.0.1
[23:42:04] [trace] I-ENGINE: Device Extension: VK_KHR_driver_properties (Unknown) version 0.0.1
[23:42:04] [trace] I-ENGINE: Device Extension: VK_KHR_external_fence (Unknown) version 0.0.1
[23:42:04] [trace] I-ENGINE: Device Extension: VK_KHR_external_fence_win32 (Unknown) version 0.0.1
[23:42:04] [trace] I-ENGINE: Device Extension: VK_KHR_external_memory (Unknown) version 0.0.1
[23:42:04] [trace] I-ENGINE: Device Extension: VK_KHR_external_memory_win32 (Unknown) version 0.0.1
[23:42:04] [trace] I-ENGINE: Device Extension: VK_KHR_external_semaphore (Unknown) version 0.0.1
[23:42:04] [trace] I-ENGINE: Device Extension: VK_KHR_external_semaphore_win32 (Unknown) version 0.0.1
[23:42:04] [trace] I-ENGINE: Device Extension: VK_KHR_get_memory_requirements2 (Unknown) version 0.0.1
[23:42:04] [trace] I-ENGINE: Device Extension: VK_KHR_image_format_list (Unknown) version 0.0.1
[23:42:04] [trace] I-ENGINE: Device Extension: VK_KHR_imageless_framebuffer (Unknown) version 0.0.1
[23:42:04] [trace] I-ENGINE: Device Extension: VK_KHR_maintenance1 (Unknown) version 0.0.2
[23:42:04] [trace] I-ENGINE: Device Extension: VK_KHR_maintenance2 (Unknown) version 0.0.1
[23:42:04] [trace] I-ENGINE: Device Extension: VK_KHR_maintenance3 (Unknown) version 0.0.1
[23:42:04] [trace] I-ENGINE: Device Extension: VK_KHR_multiview (Unknown) version 0.0.1
[23:42:04] [trace] I-ENGINE: Device Extension: VK_KHR_pipeline_executable_properties (Unknown) version 0.0.1
[23:42:04] [trace] I-ENGINE: Device Extension: VK_KHR_pipeline_library (Unknown) version 0.0.1
[23:42:04] [trace] I-ENGINE: Device Extension: VK_KHR_push_descriptor (Unknown) version 0.0.2
[23:42:04] [trace] I-ENGINE: Device Extension: VK_KHR_relaxed_block_layout (Unknown) version 0.0.1
[23:42:04] [trace] I-ENGINE: Device Extension: VK_KHR_sampler_mirror_clamp_to_edge (Unknown) version 0.0.3
[23:42:04] [trace] I-ENGINE: Device Extension: VK_KHR_sampler_ycbcr_conversion (Unknown) version 0.0.14
[23:42:04] [trace] I-ENGINE: Device Extension: VK_KHR_separate_depth_stencil_layouts (Unknown) version 0.0.1
[23:42:04] [trace] I-ENGINE: Device Extension: VK_KHR_shader_atomic_int64 (Unknown) version 0.0.1
[23:42:04] [trace] I-ENGINE: Device Extension: VK_KHR_shader_clock (Unknown) version 0.0.1
[23:42:04] [trace] I-ENGINE: Device Extension: VK_KHR_shader_draw_parameters (Unknown) version 0.0.1
[23:42:04] [trace] I-ENGINE: Device Extension: VK_KHR_shader_float16_int8 (Unknown) version 0.0.1
[23:42:04] [trace] I-ENGINE: Device Extension: VK_KHR_shader_float_controls (Unknown) version 0.0.4
[23:42:04] [trace] I-ENGINE: Device Extension: VK_KHR_shader_non_semantic_info (Unknown) version 0.0.1
[23:42:04] [trace] I-ENGINE: Device Extension: VK_KHR_shader_subgroup_extended_types (Unknown) version 0.0.1
[23:42:04] [trace] I-ENGINE: Device Extension: VK_KHR_shader_terminate_invocation (Unknown) version 0.0.1
[23:42:04] [trace] I-ENGINE: Device Extension: VK_KHR_spirv_1_4 (Unknown) version 0.0.1
[23:42:04] [trace] I-ENGINE: Device Extension: VK_KHR_storage_buffer_storage_class (Unknown) version 0.0.1
[23:42:04] [trace] I-ENGINE: Device Extension: VK_KHR_swapchain (Unknown) version 0.0.70
[23:42:04] [trace] I-ENGINE: Device Extension: VK_KHR_swapchain_mutable_format (Unknown) version 0.0.1
[23:42:04] [trace] I-ENGINE: Device Extension: VK_KHR_timeline_semaphore (Unknown) version 0.0.2
[23:42:04] [trace] I-ENGINE: Device Extension: VK_KHR_uniform_buffer_standard_layout (Unknown) version 0.0.1
[23:42:04] [trace] I-ENGINE: Device Extension: VK_KHR_variable_pointers (Unknown) version 0.0.1
[23:42:04] [trace] I-ENGINE: Device Extension: VK_KHR_vulkan_memory_model (Unknown) version 0.0.3
[23:42:04] [trace] I-ENGINE: Device Extension: VK_KHR_win32_keyed_mutex (Unknown) version 0.0.1
[23:42:04] [trace] I-ENGINE: Device Extension: VK_EXT_4444_formats (Unknown) version 0.0.1
[23:42:04] [trace] I-ENGINE: Device Extension: VK_EXT_blend_operation_advanced (Unknown) version 0.0.2
[23:42:04] [trace] I-ENGINE: Device Extension: VK_EXT_buffer_device_address (Unknown) version 0.0.2
[23:42:04] [trace] I-ENGINE: Device Extension: VK_EXT_calibrated_timestamps (Unknown) version 0.0.1
[23:42:04] [trace] I-ENGINE: Device Extension: VK_EXT_conditional_rendering (Unknown) version 0.0.2
[23:42:04] [trace] I-ENGINE: Device Extension: VK_EXT_conservative_rasterization (Unknown) version 0.0.1
[23:42:04] [trace] I-ENGINE: Device Extension: VK_EXT_custom_border_color (Unknown) version 0.0.12
[23:42:04] [trace] I-ENGINE: Device Extension: VK_EXT_depth_clip_enable (Unknown) version 0.0.1
[23:42:04] [trace] I-ENGINE: Device Extension: VK_EXT_depth_range_unrestricted (Unknown) version 0.0.1
[23:42:04] [trace] I-ENGINE: Device Extension: VK_EXT_descriptor_indexing (Unknown) version 0.0.2
[23:42:04] [trace] I-ENGINE: Device Extension: VK_EXT_discard_rectangles (Unknown) version 0.0.1
[23:42:04] [trace] I-ENGINE: Device Extension: VK_EXT_extended_dynamic_state (Unknown) version 0.0.1
[23:42:04] [trace] I-ENGINE: Device Extension: VK_EXT_external_memory_host (Unknown) version 0.0.1
[23:42:04] [trace] I-ENGINE: Device Extension: VK_EXT_fragment_shader_interlock (Unknown) version 0.0.1
[23:42:04] [trace] I-ENGINE: Device Extension: VK_EXT_full_screen_exclusive (Unknown) version 0.0.4
[23:42:04] [trace] I-ENGINE: Device Extension: VK_EXT_hdr_metadata (Unknown) version 0.0.2
[23:42:04] [trace] I-ENGINE: Device Extension: VK_EXT_host_query_reset (Unknown) version 0.0.1
[23:42:04] [trace] I-ENGINE: Device Extension: VK_EXT_image_robustness (Unknown) version 0.0.1
[23:42:04] [trace] I-ENGINE: Device Extension: VK_EXT_index_type_uint8 (Unknown) version 0.0.1
[23:42:04] [trace] I-ENGINE: Device Extension: VK_EXT_inline_uniform_block (Unknown) version 0.0.1
[23:42:04] [trace] I-ENGINE: Device Extension: VK_EXT_line_rasterization (Unknown) version 0.0.1
[23:42:04] [trace] I-ENGINE: Device Extension: VK_EXT_memory_budget (Unknown) version 0.0.1
[23:42:04] [trace] I-ENGINE: Device Extension: VK_EXT_memory_priority (Unknown) version 0.0.1
[23:42:04] [trace] I-ENGINE: Device Extension: VK_EXT_pci_bus_info (Unknown) version 0.0.2
[23:42:04] [trace] I-ENGINE: Device Extension: VK_EXT_pipeline_creation_cache_control (Unknown) version 0.0.3
[23:42:04] [trace] I-ENGINE: Device Extension: VK_EXT_pipeline_creation_feedback (Unknown) version 0.0.1
[23:42:04] [trace] I-ENGINE: Device Extension: VK_EXT_post_depth_coverage (Unknown) version 0.0.1
[23:42:04] [trace] I-ENGINE: Device Extension: VK_EXT_private_data (Unknown) version 0.0.1
[23:42:04] [trace] I-ENGINE: Device Extension: VK_EXT_robustness2 (Unknown) version 0.0.1
[23:42:04] [trace] I-ENGINE: Device Extension: VK_EXT_sample_locations (Unknown) version 0.0.1
[23:42:04] [trace] I-ENGINE: Device Extension: VK_EXT_sampler_filter_minmax (Unknown) version 0.0.2
[23:42:04] [trace] I-ENGINE: Device Extension: VK_EXT_scalar_block_layout (Unknown) version 0.0.1
[23:42:04] [trace] I-ENGINE: Device Extension: VK_EXT_separate_stencil_usage (Unknown) version 0.0.1
[23:42:04] [trace] I-ENGINE: Device Extension: VK_EXT_shader_atomic_float (Unknown) version 0.0.1
[23:42:04] [trace] I-ENGINE: Device Extension: VK_EXT_shader_demote_to_helper_invocation (Unknown) version 0.0.1
[23:42:04] [trace] I-ENGINE: Device Extension: VK_EXT_shader_image_atomic_int64 (Unknown) version 0.0.1
[23:42:04] [trace] I-ENGINE: Device Extension: VK_EXT_shader_subgroup_ballot (Unknown) version 0.0.1
[23:42:04] [trace] I-ENGINE: Device Extension: VK_EXT_shader_subgroup_vote (Unknown) version 0.0.1
[23:42:04] [trace] I-ENGINE: Device Extension: VK_EXT_shader_viewport_index_layer (Unknown) version 0.0.1
[23:42:04] [trace] I-ENGINE: Device Extension: VK_EXT_subgroup_size_control (Unknown) version 0.0.2
[23:42:04] [trace] I-ENGINE: Device Extension: VK_EXT_texel_buffer_alignment (Unknown) version 0.0.1
[23:42:04] [trace] I-ENGINE: Device Extension: VK_EXT_tooling_info (Unknown) version 0.0.1
[23:42:04] [trace] I-ENGINE: Device Extension: VK_EXT_transform_feedback (Unknown) version 0.0.1
[23:42:04] [trace] I-ENGINE: Device Extension: VK_EXT_vertex_attribute_divisor (Unknown) version 0.0.3
[23:42:04] [trace] I-ENGINE: Device Extension: VK_EXT_ycbcr_image_arrays (Unknown) version 0.0.1
[23:42:04] [trace] I-ENGINE: Device Extension: VK_NV_acquire_winrt_display (Unknown) version 0.0.1
[23:42:04] [trace] I-ENGINE: Device Extension: VK_NV_clip_space_w_scaling (Unknown) version 0.0.1
[23:42:04] [trace] I-ENGINE: Device Extension: VK_NV_coverage_reduction_mode (Unknown) version 0.0.1
[23:42:04] [trace] I-ENGINE: Device Extension: VK_NV_dedicated_allocation (Unknown) version 0.0.1
[23:42:04] [trace] I-ENGINE: Device Extension: VK_NV_dedicated_allocation_image_aliasing (Unknown) version 0.0.1
[23:42:04] [trace] I-ENGINE: Device Extension: VK_NV_device_diagnostic_checkpoints (Unknown) version 0.0.2
[23:42:04] [trace] I-ENGINE: Device Extension: VK_NV_device_diagnostics_config (Unknown) version 0.0.1
[23:42:04] [trace] I-ENGINE: Device Extension: VK_NV_device_generated_commands (Unknown) version 0.0.3
[23:42:04] [trace] I-ENGINE: Device Extension: VK_NV_external_memory (Unknown) version 0.0.1
[23:42:04] [trace] I-ENGINE: Device Extension: VK_NV_external_memory_win32 (Unknown) version 0.0.1
[23:42:04] [trace] I-ENGINE: Device Extension: VK_NV_fill_rectangle (Unknown) version 0.0.1
[23:42:04] [trace] I-ENGINE: Device Extension: VK_NV_fragment_coverage_to_color (Unknown) version 0.0.1
[23:42:04] [trace] I-ENGINE: Device Extension: VK_NV_framebuffer_mixed_samples (Unknown) version 0.0.1
[23:42:04] [trace] I-ENGINE: Device Extension: VK_NV_geometry_shader_passthrough (Unknown) version 0.0.1
[23:42:04] [trace] I-ENGINE: Device Extension: VK_NV_ray_tracing (Unknown) version 0.0.3
[23:42:04] [trace] I-ENGINE: Device Extension: VK_NV_sample_mask_override_coverage (Unknown) version 0.0.1
[23:42:04] [trace] I-ENGINE: Device Extension: VK_NV_shader_sm_builtins (Unknown) version 0.0.1
[23:42:04] [trace] I-ENGINE: Device Extension: VK_NV_shader_subgroup_partitioned (Unknown) version 0.0.1
[23:42:04] [trace] I-ENGINE: Device Extension: VK_NV_viewport_array2 (Unknown) version 0.0.1
[23:42:04] [trace] I-ENGINE: Device Extension: VK_NV_viewport_swizzle (Unknown) version 0.0.1
[23:42:04] [trace] I-ENGINE: Device Extension: VK_NV_win32_keyed_mutex (Unknown) version 0.0.2
[23:42:04] [trace] I-ENGINE: Device Extension: VK_NVX_multiview_per_view_attributes (Unknown) version 0.0.1
[23:42:04] [trace] I-ENGINE: Device Extension: VK_KHR_acceleration_structure (Unknown) version 0.0.11
[23:42:04] [trace] I-ENGINE: Device Extension: VK_KHR_ray_query (Unknown) version 0.0.1
[23:42:04] [trace] I-ENGINE: Device Extension: VK_KHR_ray_tracing_pipeline (Unknown) version 0.0.1
[23:42:04] [trace] I-ENGINE: Loading layer library C:\VulkanSDK\1.2.162.0\Bin\.\VkLayer_khronos_validation.dll
[23:42:04] [info] I-ENGINE: Inserted device layer VK_LAYER_KHRONOS_validation (C:\VulkanSDK\1.2.162.0\Bin\.\VkLayer_khronos_validation.dll)
[23:42:04] [trace] I-ENGINE: Loading layer library C:\ProgramData\obs-studio-hook\.\graphics-hook64.dll
[23:42:04] [info] I-ENGINE: Inserted device layer VK_LAYER_OBS_HOOK (C:\ProgramData\obs-studio-hook\.\graphics-hook64.dll)
[23:42:04] [trace] I-ENGINE: Loading layer library C:\Windows\System32\DriverStore\FileRepository\nv_dispi.inf_amd64_a51067c0ac557884\.\nvoglv64.dll
[23:42:04] [info] I-ENGINE: Inserted device layer VK_LAYER_NV_optimus (C:\Windows\System32\DriverStore\FileRepository\nv_dispi.inf_amd64_a51067c0ac557884\.\nvoglv64.dll)
[23:42:04] [trace] I-ENGINE: Device Extension: VK_KHR_16bit_storage (C:\Windows\System32\DriverStore\FileRepository\nv_dispi.inf_amd64_a51067c0ac557884\.\nvoglv64.dll) version 0.0.1
[23:42:04] [trace] I-ENGINE: Device Extension: VK_KHR_8bit_storage (C:\Windows\System32\DriverStore\FileRepository\nv_dispi.inf_amd64_a51067c0ac557884\.\nvoglv64.dll) version 0.0.1
[23:42:04] [trace] I-ENGINE: Device Extension: VK_KHR_bind_memory2 (C:\Windows\System32\DriverStore\FileRepository\nv_dispi.inf_amd64_a51067c0ac557884\.\nvoglv64.dll) version 0.0.1
[23:42:04] [trace] I-ENGINE: Device Extension: VK_KHR_buffer_device_address (C:\Windows\System32\DriverStore\FileRepository\nv_dispi.inf_amd64_a51067c0ac557884\.\nvoglv64.dll) version 0.0.1
[23:42:04] [trace] I-ENGINE: Device Extension: VK_KHR_copy_commands2 (C:\Windows\System32\DriverStore\FileRepository\nv_dispi.inf_amd64_a51067c0ac557884\.\nvoglv64.dll) version 0.0.1
[23:42:04] [trace] I-ENGINE: Device Extension: VK_KHR_create_renderpass2 (C:\Windows\System32\DriverStore\FileRepository\nv_dispi.inf_amd64_a51067c0ac557884\.\nvoglv64.dll) version 0.0.1
[23:42:04] [trace] I-ENGINE: Device Extension: VK_KHR_dedicated_allocation (C:\Windows\System32\DriverStore\FileRepository\nv_dispi.inf_amd64_a51067c0ac557884\.\nvoglv64.dll) version 0.0.3
[23:42:04] [trace] I-ENGINE: Device Extension: VK_KHR_deferred_host_operations (C:\Windows\System32\DriverStore\FileRepository\nv_dispi.inf_amd64_a51067c0ac557884\.\nvoglv64.dll) version 0.0.3
[23:42:04] [trace] I-ENGINE: Device Extension: VK_KHR_depth_stencil_resolve (C:\Windows\System32\DriverStore\FileRepository\nv_dispi.inf_amd64_a51067c0ac557884\.\nvoglv64.dll) version 0.0.1
[23:42:04] [trace] I-ENGINE: Device Extension: VK_KHR_descriptor_update_template (C:\Windows\System32\DriverStore\FileRepository\nv_dispi.inf_amd64_a51067c0ac557884\.\nvoglv64.dll) version 0.0.1
[23:42:04] [trace] I-ENGINE: Device Extension: VK_KHR_device_group (C:\Windows\System32\DriverStore\FileRepository\nv_dispi.inf_amd64_a51067c0ac557884\.\nvoglv64.dll) version 0.0.4
[23:42:04] [trace] I-ENGINE: Device Extension: VK_KHR_draw_indirect_count (C:\Windows\System32\DriverStore\FileRepository\nv_dispi.inf_amd64_a51067c0ac557884\.\nvoglv64.dll) version 0.0.1
[23:42:04] [trace] I-ENGINE: Device Extension: VK_KHR_driver_properties (C:\Windows\System32\DriverStore\FileRepository\nv_dispi.inf_amd64_a51067c0ac557884\.\nvoglv64.dll) version 0.0.1
[23:42:04] [trace] I-ENGINE: Device Extension: VK_KHR_external_fence (C:\Windows\System32\DriverStore\FileRepository\nv_dispi.inf_amd64_a51067c0ac557884\.\nvoglv64.dll) version 0.0.1
[23:42:04] [trace] I-ENGINE: Device Extension: VK_KHR_external_fence_win32 (C:\Windows\System32\DriverStore\FileRepository\nv_dispi.inf_amd64_a51067c0ac557884\.\nvoglv64.dll) version 0.0.1
[23:42:04] [trace] I-ENGINE: Device Extension: VK_KHR_external_memory (C:\Windows\System32\DriverStore\FileRepository\nv_dispi.inf_amd64_a51067c0ac557884\.\nvoglv64.dll) version 0.0.1
[23:42:04] [trace] I-ENGINE: Device Extension: VK_KHR_external_memory_win32 (C:\Windows\System32\DriverStore\FileRepository\nv_dispi.inf_amd64_a51067c0ac557884\.\nvoglv64.dll) version 0.0.1
[23:42:04] [trace] I-ENGINE: Device Extension: VK_KHR_external_semaphore (C:\Windows\System32\DriverStore\FileRepository\nv_dispi.inf_amd64_a51067c0ac557884\.\nvoglv64.dll) version 0.0.1
[23:42:04] [trace] I-ENGINE: Device Extension: VK_KHR_external_semaphore_win32 (C:\Windows\System32\DriverStore\FileRepository\nv_dispi.inf_amd64_a51067c0ac557884\.\nvoglv64.dll) version 0.0.1
[23:42:04] [trace] I-ENGINE: Device Extension: VK_KHR_get_memory_requirements2 (C:\Windows\System32\DriverStore\FileRepository\nv_dispi.inf_amd64_a51067c0ac557884\.\nvoglv64.dll) version 0.0.1
[23:42:04] [trace] I-ENGINE: Device Extension: VK_KHR_image_format_list (C:\Windows\System32\DriverStore\FileRepository\nv_dispi.inf_amd64_a51067c0ac557884\.\nvoglv64.dll) version 0.0.1
[23:42:04] [trace] I-ENGINE: Device Extension: VK_KHR_imageless_framebuffer (C:\Windows\System32\DriverStore\FileRepository\nv_dispi.inf_amd64_a51067c0ac557884\.\nvoglv64.dll) version 0.0.1
[23:42:04] [trace] I-ENGINE: Device Extension: VK_KHR_maintenance1 (C:\Windows\System32\DriverStore\FileRepository\nv_dispi.inf_amd64_a51067c0ac557884\.\nvoglv64.dll) version 0.0.2
[23:42:04] [trace] I-ENGINE: Device Extension: VK_KHR_maintenance2 (C:\Windows\System32\DriverStore\FileRepository\nv_dispi.inf_amd64_a51067c0ac557884\.\nvoglv64.dll) version 0.0.1
[23:42:04] [trace] I-ENGINE: Device Extension: VK_KHR_maintenance3 (C:\Windows\System32\DriverStore\FileRepository\nv_dispi.inf_amd64_a51067c0ac557884\.\nvoglv64.dll) version 0.0.1
[23:42:04] [trace] I-ENGINE: Device Extension: VK_KHR_multiview (C:\Windows\System32\DriverStore\FileRepository\nv_dispi.inf_amd64_a51067c0ac557884\.\nvoglv64.dll) version 0.0.1
[23:42:04] [trace] I-ENGINE: Device Extension: VK_KHR_pipeline_executable_properties (C:\Windows\System32\DriverStore\FileRepository\nv_dispi.inf_amd64_a51067c0ac557884\.\nvoglv64.dll) version 0.0.1
[23:42:04] [trace] I-ENGINE: Device Extension: VK_KHR_pipeline_library (C:\Windows\System32\DriverStore\FileRepository\nv_dispi.inf_amd64_a51067c0ac557884\.\nvoglv64.dll) version 0.0.1
[23:42:04] [trace] I-ENGINE: Device Extension: VK_KHR_push_descriptor (C:\Windows\System32\DriverStore\FileRepository\nv_dispi.inf_amd64_a51067c0ac557884\.\nvoglv64.dll) version 0.0.2
[23:42:04] [trace] I-ENGINE: Device Extension: VK_KHR_relaxed_block_layout (C:\Windows\System32\DriverStore\FileRepository\nv_dispi.inf_amd64_a51067c0ac557884\.\nvoglv64.dll) version 0.0.1
[23:42:04] [trace] I-ENGINE: Device Extension: VK_KHR_sampler_mirror_clamp_to_edge (C:\Windows\System32\DriverStore\FileRepository\nv_dispi.inf_amd64_a51067c0ac557884\.\nvoglv64.dll) version 0.0.3
[23:42:04] [trace] I-ENGINE: Device Extension: VK_KHR_sampler_ycbcr_conversion (C:\Windows\System32\DriverStore\FileRepository\nv_dispi.inf_amd64_a51067c0ac557884\.\nvoglv64.dll) version 0.0.14
[23:42:04] [trace] I-ENGINE: Device Extension: VK_KHR_separate_depth_stencil_layouts (C:\Windows\System32\DriverStore\FileRepository\nv_dispi.inf_amd64_a51067c0ac557884\.\nvoglv64.dll) version 0.0.1
[23:42:04] [trace] I-ENGINE: Device Extension: VK_KHR_shader_atomic_int64 (C:\Windows\System32\DriverStore\FileRepository\nv_dispi.inf_amd64_a51067c0ac557884\.\nvoglv64.dll) version 0.0.1
[23:42:04] [trace] I-ENGINE: Device Extension: VK_KHR_shader_clock (C:\Windows\System32\DriverStore\FileRepository\nv_dispi.inf_amd64_a51067c0ac557884\.\nvoglv64.dll) version 0.0.1
[23:42:04] [trace] I-ENGINE: Device Extension: VK_KHR_shader_draw_parameters (C:\Windows\System32\DriverStore\FileRepository\nv_dispi.inf_amd64_a51067c0ac557884\.\nvoglv64.dll) version 0.0.1
[23:42:04] [trace] I-ENGINE: Device Extension: VK_KHR_shader_float16_int8 (C:\Windows\System32\DriverStore\FileRepository\nv_dispi.inf_amd64_a51067c0ac557884\.\nvoglv64.dll) version 0.0.1
[23:42:04] [trace] I-ENGINE: Device Extension: VK_KHR_shader_float_controls (C:\Windows\System32\DriverStore\FileRepository\nv_dispi.inf_amd64_a51067c0ac557884\.\nvoglv64.dll) version 0.0.4
[23:42:04] [trace] I-ENGINE: Device Extension: VK_KHR_shader_non_semantic_info (C:\Windows\System32\DriverStore\FileRepository\nv_dispi.inf_amd64_a51067c0ac557884\.\nvoglv64.dll) version 0.0.1
[23:42:04] [trace] I-ENGINE: Device Extension: VK_KHR_shader_subgroup_extended_types (C:\Windows\System32\DriverStore\FileRepository\nv_dispi.inf_amd64_a51067c0ac557884\.\nvoglv64.dll) version 0.0.1
[23:42:04] [trace] I-ENGINE: Device Extension: VK_KHR_shader_terminate_invocation (C:\Windows\System32\DriverStore\FileRepository\nv_dispi.inf_amd64_a51067c0ac557884\.\nvoglv64.dll) version 0.0.1
[23:42:04] [trace] I-ENGINE: Device Extension: VK_KHR_spirv_1_4 (C:\Windows\System32\DriverStore\FileRepository\nv_dispi.inf_amd64_a51067c0ac557884\.\nvoglv64.dll) version 0.0.1
[23:42:04] [trace] I-ENGINE: Device Extension: VK_KHR_storage_buffer_storage_class (C:\Windows\System32\DriverStore\FileRepository\nv_dispi.inf_amd64_a51067c0ac557884\.\nvoglv64.dll) version 0.0.1
[23:42:04] [trace] I-ENGINE: Device Extension: VK_KHR_swapchain (C:\Windows\System32\DriverStore\FileRepository\nv_dispi.inf_amd64_a51067c0ac557884\.\nvoglv64.dll) version 0.0.70
[23:42:04] [trace] I-ENGINE: Device Extension: VK_KHR_swapchain_mutable_format (C:\Windows\System32\DriverStore\FileRepository\nv_dispi.inf_amd64_a51067c0ac557884\.\nvoglv64.dll) version 0.0.1
[23:42:04] [trace] I-ENGINE: Device Extension: VK_KHR_timeline_semaphore (C:\Windows\System32\DriverStore\FileRepository\nv_dispi.inf_amd64_a51067c0ac557884\.\nvoglv64.dll) version 0.0.2
[23:42:04] [trace] I-ENGINE: Device Extension: VK_KHR_uniform_buffer_standard_layout (C:\Windows\System32\DriverStore\FileRepository\nv_dispi.inf_amd64_a51067c0ac557884\.\nvoglv64.dll) version 0.0.1
[23:42:04] [trace] I-ENGINE: Device Extension: VK_KHR_variable_pointers (C:\Windows\System32\DriverStore\FileRepository\nv_dispi.inf_amd64_a51067c0ac557884\.\nvoglv64.dll) version 0.0.1
[23:42:04] [trace] I-ENGINE: Device Extension: VK_KHR_vulkan_memory_model (C:\Windows\System32\DriverStore\FileRepository\nv_dispi.inf_amd64_a51067c0ac557884\.\nvoglv64.dll) version 0.0.3
[23:42:04] [trace] I-ENGINE: Device Extension: VK_KHR_win32_keyed_mutex (C:\Windows\System32\DriverStore\FileRepository\nv_dispi.inf_amd64_a51067c0ac557884\.\nvoglv64.dll) version 0.0.1
[23:42:04] [trace] I-ENGINE: Device Extension: VK_EXT_4444_formats (C:\Windows\System32\DriverStore\FileRepository\nv_dispi.inf_amd64_a51067c0ac557884\.\nvoglv64.dll) version 0.0.1
[23:42:04] [trace] I-ENGINE: Device Extension: VK_EXT_blend_operation_advanced (C:\Windows\System32\DriverStore\FileRepository\nv_dispi.inf_amd64_a51067c0ac557884\.\nvoglv64.dll) version 0.0.2
[23:42:04] [trace] I-ENGINE: Device Extension: VK_EXT_buffer_device_address (C:\Windows\System32\DriverStore\FileRepository\nv_dispi.inf_amd64_a51067c0ac557884\.\nvoglv64.dll) version 0.0.2
[23:42:04] [trace] I-ENGINE: Device Extension: VK_EXT_calibrated_timestamps (C:\Windows\System32\DriverStore\FileRepository\nv_dispi.inf_amd64_a51067c0ac557884\.\nvoglv64.dll) version 0.0.1
[23:42:04] [trace] I-ENGINE: Device Extension: VK_EXT_conditional_rendering (C:\Windows\System32\DriverStore\FileRepository\nv_dispi.inf_amd64_a51067c0ac557884\.\nvoglv64.dll) version 0.0.2
[23:42:04] [trace] I-ENGINE: Device Extension: VK_EXT_conservative_rasterization (C:\Windows\System32\DriverStore\FileRepository\nv_dispi.inf_amd64_a51067c0ac557884\.\nvoglv64.dll) version 0.0.1
[23:42:04] [trace] I-ENGINE: Device Extension: VK_EXT_custom_border_color (C:\Windows\System32\DriverStore\FileRepository\nv_dispi.inf_amd64_a51067c0ac557884\.\nvoglv64.dll) version 0.0.12
[23:42:04] [trace] I-ENGINE: Device Extension: VK_EXT_depth_clip_enable (C:\Windows\System32\DriverStore\FileRepository\nv_dispi.inf_amd64_a51067c0ac557884\.\nvoglv64.dll) version 0.0.1
[23:42:04] [trace] I-ENGINE: Device Extension: VK_EXT_depth_range_unrestricted (C:\Windows\System32\DriverStore\FileRepository\nv_dispi.inf_amd64_a51067c0ac557884\.\nvoglv64.dll) version 0.0.1
[23:42:04] [trace] I-ENGINE: Device Extension: VK_EXT_descriptor_indexing (C:\Windows\System32\DriverStore\FileRepository\nv_dispi.inf_amd64_a51067c0ac557884\.\nvoglv64.dll) version 0.0.2
[23:42:04] [trace] I-ENGINE: Device Extension: VK_EXT_discard_rectangles (C:\Windows\System32\DriverStore\FileRepository\nv_dispi.inf_amd64_a51067c0ac557884\.\nvoglv64.dll) version 0.0.1
[23:42:04] [trace] I-ENGINE: Device Extension: VK_EXT_extended_dynamic_state (C:\Windows\System32\DriverStore\FileRepository\nv_dispi.inf_amd64_a51067c0ac557884\.\nvoglv64.dll) version 0.0.1
[23:42:04] [trace] I-ENGINE: Device Extension: VK_EXT_external_memory_host (C:\Windows\System32\DriverStore\FileRepository\nv_dispi.inf_amd64_a51067c0ac557884\.\nvoglv64.dll) version 0.0.1
[23:42:04] [trace] I-ENGINE: Device Extension: VK_EXT_fragment_shader_interlock (C:\Windows\System32\DriverStore\FileRepository\nv_dispi.inf_amd64_a51067c0ac557884\.\nvoglv64.dll) version 0.0.1
[23:42:04] [trace] I-ENGINE: Device Extension: VK_EXT_full_screen_exclusive (C:\Windows\System32\DriverStore\FileRepository\nv_dispi.inf_amd64_a51067c0ac557884\.\nvoglv64.dll) version 0.0.4
[23:42:04] [trace] I-ENGINE: Device Extension: VK_EXT_hdr_metadata (C:\Windows\System32\DriverStore\FileRepository\nv_dispi.inf_amd64_a51067c0ac557884\.\nvoglv64.dll) version 0.0.2
[23:42:04] [trace] I-ENGINE: Device Extension: VK_EXT_host_query_reset (C:\Windows\System32\DriverStore\FileRepository\nv_dispi.inf_amd64_a51067c0ac557884\.\nvoglv64.dll) version 0.0.1
[23:42:04] [trace] I-ENGINE: Device Extension: VK_EXT_image_robustness (C:\Windows\System32\DriverStore\FileRepository\nv_dispi.inf_amd64_a51067c0ac557884\.\nvoglv64.dll) version 0.0.1
[23:42:04] [trace] I-ENGINE: Device Extension: VK_EXT_index_type_uint8 (C:\Windows\System32\DriverStore\FileRepository\nv_dispi.inf_amd64_a51067c0ac557884\.\nvoglv64.dll) version 0.0.1
[23:42:04] [trace] I-ENGINE: Device Extension: VK_EXT_inline_uniform_block (C:\Windows\System32\DriverStore\FileRepository\nv_dispi.inf_amd64_a51067c0ac557884\.\nvoglv64.dll) version 0.0.1
[23:42:04] [trace] I-ENGINE: Device Extension: VK_EXT_line_rasterization (C:\Windows\System32\DriverStore\FileRepository\nv_dispi.inf_amd64_a51067c0ac557884\.\nvoglv64.dll) version 0.0.1
[23:42:04] [trace] I-ENGINE: Device Extension: VK_EXT_memory_budget (C:\Windows\System32\DriverStore\FileRepository\nv_dispi.inf_amd64_a51067c0ac557884\.\nvoglv64.dll) version 0.0.1
[23:42:04] [trace] I-ENGINE: Device Extension: VK_EXT_memory_priority (C:\Windows\System32\DriverStore\FileRepository\nv_dispi.inf_amd64_a51067c0ac557884\.\nvoglv64.dll) version 0.0.1
[23:42:04] [trace] I-ENGINE: Device Extension: VK_EXT_pci_bus_info (C:\Windows\System32\DriverStore\FileRepository\nv_dispi.inf_amd64_a51067c0ac557884\.\nvoglv64.dll) version 0.0.2
[23:42:04] [trace] I-ENGINE: Device Extension: VK_EXT_pipeline_creation_cache_control (C:\Windows\System32\DriverStore\FileRepository\nv_dispi.inf_amd64_a51067c0ac557884\.\nvoglv64.dll) version 0.0.3
[23:42:04] [trace] I-ENGINE: Device Extension: VK_EXT_pipeline_creation_feedback (C:\Windows\System32\DriverStore\FileRepository\nv_dispi.inf_amd64_a51067c0ac557884\.\nvoglv64.dll) version 0.0.1
[23:42:04] [trace] I-ENGINE: Device Extension: VK_EXT_post_depth_coverage (C:\Windows\System32\DriverStore\FileRepository\nv_dispi.inf_amd64_a51067c0ac557884\.\nvoglv64.dll) version 0.0.1
[23:42:04] [trace] I-ENGINE: Device Extension: VK_EXT_private_data (C:\Windows\System32\DriverStore\FileRepository\nv_dispi.inf_amd64_a51067c0ac557884\.\nvoglv64.dll) version 0.0.1
[23:42:04] [trace] I-ENGINE: Device Extension: VK_EXT_robustness2 (C:\Windows\System32\DriverStore\FileRepository\nv_dispi.inf_amd64_a51067c0ac557884\.\nvoglv64.dll) version 0.0.1
[23:42:04] [trace] I-ENGINE: Device Extension: VK_EXT_sample_locations (C:\Windows\System32\DriverStore\FileRepository\nv_dispi.inf_amd64_a51067c0ac557884\.\nvoglv64.dll) version 0.0.1
[23:42:04] [trace] I-ENGINE: Device Extension: VK_EXT_sampler_filter_minmax (C:\Windows\System32\DriverStore\FileRepository\nv_dispi.inf_amd64_a51067c0ac557884\.\nvoglv64.dll) version 0.0.2
[23:42:04] [trace] I-ENGINE: Device Extension: VK_EXT_scalar_block_layout (C:\Windows\System32\DriverStore\FileRepository\nv_dispi.inf_amd64_a51067c0ac557884\.\nvoglv64.dll) version 0.0.1
[23:42:04] [trace] I-ENGINE: Device Extension: VK_EXT_separate_stencil_usage (C:\Windows\System32\DriverStore\FileRepository\nv_dispi.inf_amd64_a51067c0ac557884\.\nvoglv64.dll) version 0.0.1
[23:42:04] [trace] I-ENGINE: Device Extension: VK_EXT_shader_atomic_float (C:\Windows\System32\DriverStore\FileRepository\nv_dispi.inf_amd64_a51067c0ac557884\.\nvoglv64.dll) version 0.0.1
[23:42:04] [trace] I-ENGINE: Device Extension: VK_EXT_shader_demote_to_helper_invocation (C:\Windows\System32\DriverStore\FileRepository\nv_dispi.inf_amd64_a51067c0ac557884\.\nvoglv64.dll) version 0.0.1
[23:42:04] [trace] I-ENGINE: Device Extension: VK_EXT_shader_image_atomic_int64 (C:\Windows\System32\DriverStore\FileRepository\nv_dispi.inf_amd64_a51067c0ac557884\.\nvoglv64.dll) version 0.0.1
[23:42:04] [trace] I-ENGINE: Device Extension: VK_EXT_shader_subgroup_ballot (C:\Windows\System32\DriverStore\FileRepository\nv_dispi.inf_amd64_a51067c0ac557884\.\nvoglv64.dll) version 0.0.1
[23:42:04] [trace] I-ENGINE: Device Extension: VK_EXT_shader_subgroup_vote (C:\Windows\System32\DriverStore\FileRepository\nv_dispi.inf_amd64_a51067c0ac557884\.\nvoglv64.dll) version 0.0.1
[23:42:04] [trace] I-ENGINE: Device Extension: VK_EXT_shader_viewport_index_layer (C:\Windows\System32\DriverStore\FileRepository\nv_dispi.inf_amd64_a51067c0ac557884\.\nvoglv64.dll) version 0.0.1
[23:42:04] [trace] I-ENGINE: Device Extension: VK_EXT_subgroup_size_control (C:\Windows\System32\DriverStore\FileRepository\nv_dispi.inf_amd64_a51067c0ac557884\.\nvoglv64.dll) version 0.0.2
[23:42:04] [trace] I-ENGINE: Device Extension: VK_EXT_texel_buffer_alignment (C:\Windows\System32\DriverStore\FileRepository\nv_dispi.inf_amd64_a51067c0ac557884\.\nvoglv64.dll) version 0.0.1
[23:42:04] [trace] I-ENGINE: Device Extension: VK_EXT_tooling_info (C:\Windows\System32\DriverStore\FileRepository\nv_dispi.inf_amd64_a51067c0ac557884\.\nvoglv64.dll) version 0.0.1
[23:42:04] [trace] I-ENGINE: Device Extension: VK_EXT_transform_feedback (C:\Windows\System32\DriverStore\FileRepository\nv_dispi.inf_amd64_a51067c0ac557884\.\nvoglv64.dll) version 0.0.1
[23:42:04] [trace] I-ENGINE: Device Extension: VK_EXT_vertex_attribute_divisor (C:\Windows\System32\DriverStore\FileRepository\nv_dispi.inf_amd64_a51067c0ac557884\.\nvoglv64.dll) version 0.0.3
[23:42:04] [trace] I-ENGINE: Device Extension: VK_EXT_ycbcr_image_arrays (C:\Windows\System32\DriverStore\FileRepository\nv_dispi.inf_amd64_a51067c0ac557884\.\nvoglv64.dll) version 0.0.1
[23:42:04] [trace] I-ENGINE: Device Extension: VK_NV_acquire_winrt_display (C:\Windows\System32\DriverStore\FileRepository\nv_dispi.inf_amd64_a51067c0ac557884\.\nvoglv64.dll) version 0.0.1
[23:42:04] [trace] I-ENGINE: Device Extension: VK_NV_clip_space_w_scaling (C:\Windows\System32\DriverStore\FileRepository\nv_dispi.inf_amd64_a51067c0ac557884\.\nvoglv64.dll) version 0.0.1
[23:42:04] [trace] I-ENGINE: Device Extension: VK_NV_coverage_reduction_mode (C:\Windows\System32\DriverStore\FileRepository\nv_dispi.inf_amd64_a51067c0ac557884\.\nvoglv64.dll) version 0.0.1
[23:42:04] [trace] I-ENGINE: Device Extension: VK_NV_dedicated_allocation (C:\Windows\System32\DriverStore\FileRepository\nv_dispi.inf_amd64_a51067c0ac557884\.\nvoglv64.dll) version 0.0.1
[23:42:04] [trace] I-ENGINE: Device Extension: VK_NV_dedicated_allocation_image_aliasing (C:\Windows\System32\DriverStore\FileRepository\nv_dispi.inf_amd64_a51067c0ac557884\.\nvoglv64.dll) version 0.0.1
[23:42:04] [trace] I-ENGINE: Device Extension: VK_NV_device_diagnostic_checkpoints (C:\Windows\System32\DriverStore\FileRepository\nv_dispi.inf_amd64_a51067c0ac557884\.\nvoglv64.dll) version 0.0.2
[23:42:04] [trace] I-ENGINE: Device Extension: VK_NV_device_diagnostics_config (C:\Windows\System32\DriverStore\FileRepository\nv_dispi.inf_amd64_a51067c0ac557884\.\nvoglv64.dll) version 0.0.1
[23:42:04] [trace] I-ENGINE: Device Extension: VK_NV_device_generated_commands (C:\Windows\System32\DriverStore\FileRepository\nv_dispi.inf_amd64_a51067c0ac557884\.\nvoglv64.dll) version 0.0.3
[23:42:04] [trace] I-ENGINE: Device Extension: VK_NV_external_memory (C:\Windows\System32\DriverStore\FileRepository\nv_dispi.inf_amd64_a51067c0ac557884\.\nvoglv64.dll) version 0.0.1
[23:42:04] [trace] I-ENGINE: Device Extension: VK_NV_external_memory_win32 (C:\Windows\System32\DriverStore\FileRepository\nv_dispi.inf_amd64_a51067c0ac557884\.\nvoglv64.dll) version 0.0.1
[23:42:04] [trace] I-ENGINE: Device Extension: VK_NV_fill_rectangle (C:\Windows\System32\DriverStore\FileRepository\nv_dispi.inf_amd64_a51067c0ac557884\.\nvoglv64.dll) version 0.0.1
[23:42:04] [trace] I-ENGINE: Device Extension: VK_NV_fragment_coverage_to_color (C:\Windows\System32\DriverStore\FileRepository\nv_dispi.inf_amd64_a51067c0ac557884\.\nvoglv64.dll) version 0.0.1
[23:42:04] [trace] I-ENGINE: Device Extension: VK_NV_framebuffer_mixed_samples (C:\Windows\System32\DriverStore\FileRepository\nv_dispi.inf_amd64_a51067c0ac557884\.\nvoglv64.dll) version 0.0.1
[23:42:04] [trace] I-ENGINE: Device Extension: VK_NV_geometry_shader_passthrough (C:\Windows\System32\DriverStore\FileRepository\nv_dispi.inf_amd64_a51067c0ac557884\.\nvoglv64.dll) version 0.0.1
[23:42:04] [trace] I-ENGINE: Device Extension: VK_NV_ray_tracing (C:\Windows\System32\DriverStore\FileRepository\nv_dispi.inf_amd64_a51067c0ac557884\.\nvoglv64.dll) version 0.0.3
[23:42:04] [trace] I-ENGINE: Device Extension: VK_NV_sample_mask_override_coverage (C:\Windows\System32\DriverStore\FileRepository\nv_dispi.inf_amd64_a51067c0ac557884\.\nvoglv64.dll) version 0.0.1
[23:42:04] [trace] I-ENGINE: Device Extension: VK_NV_shader_sm_builtins (C:\Windows\System32\DriverStore\FileRepository\nv_dispi.inf_amd64_a51067c0ac557884\.\nvoglv64.dll) version 0.0.1
[23:42:04] [trace] I-ENGINE: Device Extension: VK_NV_shader_subgroup_partitioned (C:\Windows\System32\DriverStore\FileRepository\nv_dispi.inf_amd64_a51067c0ac557884\.\nvoglv64.dll) version 0.0.1
[23:42:04] [trace] I-ENGINE: Device Extension: VK_NV_viewport_array2 (C:\Windows\System32\DriverStore\FileRepository\nv_dispi.inf_amd64_a51067c0ac557884\.\nvoglv64.dll) version 0.0.1
[23:42:04] [trace] I-ENGINE: Device Extension: VK_NV_viewport_swizzle (C:\Windows\System32\DriverStore\FileRepository\nv_dispi.inf_amd64_a51067c0ac557884\.\nvoglv64.dll) version 0.0.1
[23:42:04] [trace] I-ENGINE: Device Extension: VK_NV_win32_keyed_mutex (C:\Windows\System32\DriverStore\FileRepository\nv_dispi.inf_amd64_a51067c0ac557884\.\nvoglv64.dll) version 0.0.2
[23:42:04] [trace] I-ENGINE: Device Extension: VK_NVX_multiview_per_view_attributes (C:\Windows\System32\DriverStore\FileRepository\nv_dispi.inf_amd64_a51067c0ac557884\.\nvoglv64.dll) version 0.0.1
[23:42:04] [trace] I-ENGINE: Device Extension: VK_KHR_acceleration_structure (C:\Windows\System32\DriverStore\FileRepository\nv_dispi.inf_amd64_a51067c0ac557884\.\nvoglv64.dll) version 0.0.11
[23:42:04] [trace] I-ENGINE: Device Extension: VK_KHR_ray_query (C:\Windows\System32\DriverStore\FileRepository\nv_dispi.inf_amd64_a51067c0ac557884\.\nvoglv64.dll) version 0.0.1
[23:42:04] [trace] I-ENGINE: Device Extension: VK_KHR_ray_tracing_pipeline (C:\Windows\System32\DriverStore\FileRepository\nv_dispi.inf_amd64_a51067c0ac557884\.\nvoglv64.dll) version 0.0.1
[23:42:09] [trace] I-ENGINE: Unloading layer library C:\Windows\System32\DriverStore\FileRepository\nv_dispi.inf_amd64_a51067c0ac557884\.\nvoglv64.dll
[23:42:09] [trace] I-ENGINE: Unloading layer library C:\ProgramData\obs-studio-hook\.\graphics-hook64.dll
[23:42:09] [trace] I-ENGINE: Unloading layer library C:\VulkanSDK\1.2.162.0\Bin\.\VkLayer_khronos_validation.dll
[23:42:09] [trace] I-ENGINE: Unloading layer library C:\Windows\System32\DriverStore\FileRepository\nv_dispi.inf_amd64_a51067c0ac557884\.\nvoglv64.dll
[23:42:09] [trace] I-ENGINE: Unloading layer library C:\ProgramData\obs-studio-hook\.\graphics-hook64.dll
[23:42:09] [trace] I-ENGINE: Unloading layer library C:\VulkanSDK\1.2.162.0\Bin\.\VkLayer_khronos_validation.dll
